"<182>Sep 30 12:07:58 172.16.1.123 ""<13>Oct 22 11:25:21 172.16.73.163 AgentDevice=WindowsLog	AgentLogFile=Security	Source=Microsoft-Windows-Security-Auditing	Computer=someplace.com	User= 	Domain= 	EventID=4769	EventIDCode=4769	EventType=8	EventCategory=14337	RecordNumber=2573405	TimeGenerated=1256228718	TimeWritten=1256228718	Message=A Kerberos service ticket was requested.  Account Information:  Account Name:  ehannahs@someplace.com  Account Domain:  someplace.com  Logon GUID:  {AF2DA593-9A92-9A0F-4EBB-CFD286B86DA5}  Service Information:  Service Name:  someplace.com  Service ID:  S-1-5-21-117609710-746137067-1202660629-0  Network Information:  Client Address:  172.16..42.38  Client Port:  4094  Additional Information:  Ticket Options:  0x40800000  Ticket Encryption Type: 0x17  Failure Code:  0x0  Transited Services: -  This event is generated every time access is requested to a resource such as a computer or a Windows service.  The service name indicates the resource to which access"
"<182>Sep 30 12:07:57 172.16.1.123 ""<13>Oct 22 11:25:29 172.16.73.163 AgentDevice=WindowsLog	AgentLogFile=Security	Source=Microsoft-Windows-Security-Auditing	Computer=someplace.com	User= 	Domain= 	EventID=4769	EventIDCode=4769	EventType=8	EventCategory=14337	RecordNumber=2573473	TimeGenerated=1256228727	TimeWritten=1256228727	Message=A Kerberos service ticket was requested.  Account Information:  Account Name:  kvendder@someplace.com  Account Domain:  someplace.com  Logon GUID:  {6B89ECDC-4DA6-3A77-21FE-293A5B544BA4}  Service Information:  Service Name:  someplace.com  Service ID:  S-1-5-21-117609710-746137067-1202660629-0  Network Information:  Client Address:  172.16..42.43  Client Port:  4257  Additional Information:  Ticket Options:  0x40800000  Ticket Encryption Type: 0x17  Failure Code:  0x0  Transited Services: -  This event is generated every time access is requested to a resource such as a computer or a Windows service.  The service name indicates the resource to which"
"<182>Sep 30 12:07:56 172.16.1.123 ""<13>Oct 22 11:25:48 172.16.73.163 AgentDevice=WindowsLog	AgentLogFile=Security	Source=Microsoft-Windows-Security-Auditing	Computer=someplace.com	User= 	Domain= 	EventID=4769	EventIDCode=4769	EventType=8	EventCategory=14337	RecordNumber=2573529	TimeGenerated=1256228746	TimeWritten=1256228746	Message=A Kerberos service ticket was requested.  Account Information:  Account Name:  tmulligan@someplace.com  Account Domain:  someplace.com  Logon GUID:  {29F3E7E3-9588-E462-6C1B-3B9655F7CC43}  Service Information:  Service Name:  someplace.com  Service ID:  S-1-5-21-117609710-746137067-1202660629-0  Network Information:  Client Address:  ::ffff:172.16..142.74  Client Port:  59403  Additional Information:  Ticket Options:  0x40810000  Ticket Encryption Type: 0x17  Failure Code:  0x0  Transited Services: -  This event is generated every time access is requested to a resource such as a computer or a Windows service.  The service name indicates the resource to which"
"<182>Sep 30 12:07:52 172.16.1.123 ""<13>Oct 22 11:26:38 172.16.73.163 AgentDevice=WindowsLog	AgentLogFile=Security	Source=Microsoft-Windows-Security-Auditing	Computer=someplace.com	User= 	Domain= 	EventID=4769	EventIDCode=4769	EventType=8	EventCategory=14337	RecordNumber=2573815	TimeGenerated=1256228796	TimeWritten=1256228796	Message=A Kerberos service ticket was requested.  Account Information:  Account Name:  mquinn@someplace.com  Account Domain:  someplace.com  Logon GUID:  {CE72E693-80FA-7B50-A347-05C54FC45E5F}  Service Information:  Service Name:  someplace.com  Service ID:  S-1-5-21-117609710-746137067-1202660629-0  Network Information:  Client Address:  ::ffff:172.16..142.90  Client Port:  49507  Additional Information:  Ticket Options:  0x40810000  Ticket Encryption Type: 0x17  Failure Code:  0x0  Transited Services: -  This event is generated every time access is requested to a resource such as a computer or a Windows service.  The service name indicates the resource to w"
"<182>Sep 30 12:07:52 172.16.1.123 ""<13>Oct 22 11:26:39 172.16.73.163 AgentDevice=WindowsLog	AgentLogFile=Security	Source=Microsoft-Windows-Security-Auditing	Computer=someplace.com	User= 	Domain= 	EventID=4769	EventIDCode=4769	EventType=8	EventCategory=14337	RecordNumber=2573833	TimeGenerated=1256228797	TimeWritten=1256228797	Message=A Kerberos service ticket was requested.  Account Information:  Account Name:  rmuckissick@someplace.com  Account Domain:  someplace.com  Logon GUID:  {68FD1F27-837D-5463-BBE4-55204609362E}  Service Information:  Service Name:  someplace.com  Service ID:  S-1-5-21-117609710-746137067-1202660629-0  Network Information:  Client Address:  172.16..42.51  Client Port:  2658  Additional Information:  Ticket Options:  0x40800000  Ticket Encryption Type: 0x17  Failure Code:  0x0  Transited Services: -  This event is generated every time access is requested to a resource such as a computer or a Windows service.  The service name indicates the resource to which access "
"<182>Sep 30 12:07:52 172.16.1.123 ""<13>Oct 22 11:26:45 172.16.73.163 AgentDevice=WindowsLog	AgentLogFile=Security	Source=Microsoft-Windows-Security-Auditing	Computer=someplace.com	User= 	Domain= 	EventID=4769	EventIDCode=4769	EventType=8	EventCategory=14337	RecordNumber=2573847	TimeGenerated=1256228803	TimeWritten=1256228803	Message=A Kerberos service ticket was requested.  Account Information:  Account Name:  umorel@someplace.com  Account Domain:  someplace.com  Logon GUID:  {A1449E6E-0623-85FA-56B4-29E54327C6BE}  Service Information:  Service Name:  TRAC001$  Service ID:  S-1-5-21-117609710-746137067-1202660629-9328  Network Information:  Client Address:  ::ffff:172.16..142.87  Client Port:  55007  Additional Information:  Ticket Options:  0x40810000  Ticket Encryption Type: 0x17  Failure Code:  0x0  Transited Services: -  This event is generated every time access is requested to a resource such as a computer or a Windows service.  The service name indicates the resource to which acces"
"<182>Sep 30 12:07:35 172.16.1.123 ""<13>Oct 22 11:31:42 172.16.73.163 AgentDevice=WindowsLog	AgentLogFile=Security	Source=Microsoft-Windows-Security-Auditing	Computer=someplace.com	User= 	Domain= 	EventID=4769	EventIDCode=4769	EventType=8	EventCategory=14337	RecordNumber=2575122	TimeGenerated=1256229100	TimeWritten=1256229100	Message=A Kerberos service ticket was requested.  Account Information:  Account Name:  lguffey@someplace.com  Account Domain:  someplace.com  Logon GUID:  {3E841FD0-2003-9045-854C-0952093BBD67}  Service Information:  Service Name:  TRTCVIM001$  Service ID:  S-1-5-21-117609710-746137067-1202660629-6116  Network Information:  Client Address:  ::ffff:172.16.92.40  Client Port:  4698  Additional Information:  Ticket Options:  0x40810000  Ticket Encryption Type: 0x17  Failure Code:  0x0  Transited Services: -  This event is generated every time access is requested to a resource such as a computer or a Windows service.  The service name indicates the resource to which access was reque"
"<182>Sep 30 12:07:08 172.16.1.123 ""<13>Oct 22 11:39:02 172.16.73.163 AgentDevice=WindowsLog	AgentLogFile=Security	Source=Microsoft-Windows-Security-Auditing	Computer=someplace.com	User= 	Domain= 	EventID=4770	EventIDCode=4770	EventType=8	EventCategory=14337	RecordNumber=2577098	TimeGenerated=1256229539	TimeWritten=1256229539	Message=A Kerberos service ticket was renewed.  Account Information:  Account Name:  lguffey@someplace.com  Account Domain:  someplace.com  Service Information:  Service Name:  krbtgt  Service ID:  S-1-5-21-117609710-746137067-1202660629-502  Network Information:  Client Address:  172.16.92.40  Client Port:  1841  Additional Information:  Ticket Options:  0x2  Ticket Encryption Type: 0x12  Ticket options and encryption types are defined in RFC 4120. "" "
"<182>Sep 30 12:06:55 172.16.1.123 ""<13>Oct 22 11:41:47 172.16.73.163 AgentDevice=WindowsLog	AgentLogFile=Security	Source=Microsoft-Windows-Security-Auditing	Computer=someplace.com	User= 	Domain= 	EventID=4769	EventIDCode=4769	EventType=8	EventCategory=14337	RecordNumber=2578006	TimeGenerated=1256229704	TimeWritten=1256229704	Message=A Kerberos service ticket was requested.  Account Information:  Account Name:  tbheling@someplace.com  Account Domain:  someplace.com  Logon GUID:  {7A5E02BE-191F-F072-61BA-20F2C1C17FAA}  Service Information:  Service Name:  SOBCA.someplace.com  Service ID:  S-1-5-21-117609710-746137067-1202660629-0  Network Information:  Client Address:  ::ffff:172.16..142.42  Client Port:  59213  Additional Information:  Ticket Options:  0x40810000  Ticket Encryption Type: 0x17  Failure Code:  0x0  Transited Services: -  This event is generated every time access is requested to a resource such as a computer or a Windows service.  The service name indicates the resource to w"
"<182>Sep 30 12:06:54 172.16.1.123 ""<13>Oct 22 11:41:59 172.16.73.163 AgentDevice=WindowsLog	AgentLogFile=Security	Source=Microsoft-Windows-Security-Auditing	Computer=someplace.com	User= 	Domain= 	EventID=4769	EventIDCode=4769	EventType=8	EventCategory=14337	RecordNumber=2578135	TimeGenerated=1256229716	TimeWritten=1256229716	Message=A Kerberos service ticket was requested.  Account Information:  Account Name:  clarusso@someplace.com  Account Domain:  someplace.com  Logon GUID:  {03D68C0F-0590-6C29-C024-95BE733289AA}  Service Information:  Service Name:  someplace.com  Service ID:  S-1-5-21-117609710-746137067-1202660629-0  Network Information:  Client Address:  ::ffff:172.16.102.112  Client Port:  62270  Additional Information:  Ticket Options:  0x40810000  Ticket Encryption Type: 0x17  Failure Code:  0x0  Transited Services: -  This event is generated every time access is requested to a resource such as a computer or a Windows service.  The service name indicates the resource to wh"
"<182>Sep 30 12:06:53 172.16.1.123 ""<13>Oct 22 11:42:02 172.16.73.163 AgentDevice=WindowsLog	AgentLogFile=Security	Source=Microsoft-Windows-Security-Auditing	Computer=someplace.com	User= 	Domain= 	EventID=4624	EventIDCode=4624	EventType=8	EventCategory=12544	RecordNumber=2578156	TimeGenerated=1256229719	TimeWritten=1256229719	Message=An account was successfully logged on.  Subject:  Security ID:  S-1-0-0  Account Name:  -  Account Domain:  -  Logon ID:  0x0  Logon Type:   3  New Logon:  Security ID:  S-1-5-21-3277068210-4220330379-2677392526-1657  Account Name:  rmuckissick  Account Domain:   Logon ID:  0x11facb9f  Logon GUID:  {6D13789F-F69C-FF51-7557-A110C41AA132}  Process Information:  Process ID:  0x0  Process Name:  -  Network Information:  Workstation Name:   Source Network Address: 172.16..142.111  Source Port:  50715  Detailed Authentication Information:  Logon Process:  Kerberos  Authentication Package: Kerberos  Transited Services: -  Package Name (NTLM only): -  Key Length:  0  This e"
"<182>Sep 30 12:06:51 172.16.1.123 ""<13>Oct 22 11:42:51 172.16.73.163 AgentDevice=WindowsLog	AgentLogFile=Security	Source=Microsoft-Windows-Security-Auditing	Computer=someplace.com	User= 	Domain= 	EventID=4634	EventIDCode=4634	EventType=8	EventCategory=12545	RecordNumber=2578312	TimeGenerated=1256229769	TimeWritten=1256229769	Message=An account was logged off.  Subject:  Security ID:  S-1-5-21-3277068210-4220330379-2677392526-1657  Account Name:  rmuckissick  Account Domain:   Logon ID:  0x11facb9f  Logon Type:   3  This event is generated when a logon session is destroyed. It may be positively correlated with a logon event using the Logon ID value. Logon IDs are only unique between reboots on the same computer. "" "
"<182>Sep 30 12:06:48 172.16.1.123 ""<13>Oct 22 11:43:39 172.16.73.163 AgentDevice=WindowsLog	AgentLogFile=Security	Source=Microsoft-Windows-Security-Auditing	Computer=someplace.com	User= 	Domain= 	EventID=4672	EventIDCode=4672	EventType=8	EventCategory=12548	RecordNumber=2578598	TimeGenerated=1256229817	TimeWritten=1256229817	Message=Special privileges assigned to new logon.  Subject:  Security ID:  S-1-5-21-117609710-746137067-1202660629-5644  Account Name:  lguffey  Account Domain:  someplaceD  Logon ID:  0x11fc798e  Privileges:  SeSecurityPrivilege    SeBackupPrivilege    SeRestorePrivilege    SeTakeOwnershipPrivilege    SeDebugPrivilege    SeSystemEnvironmentPrivilege    SeLoadDriverPrivilege    SeImpersonatePrivilege    SeEnableDelegationPrivilege "" "
"<182>Sep 30 12:06:48 172.16.1.123 ""<13>Oct 22 11:43:39 172.16.73.163 AgentDevice=WindowsLog	AgentLogFile=Security	Source=Microsoft-Windows-Security-Auditing	Computer=someplace.com	User= 	Domain= 	EventID=4624	EventIDCode=4624	EventType=8	EventCategory=12544	RecordNumber=2578601	TimeGenerated=1256229817	TimeWritten=1256229817	Message=An account was successfully logged on.  Subject:  Security ID:  S-1-0-0  Account Name:  -  Account Domain:  -  Logon ID:  0x0  Logon Type:   3  New Logon:  Security ID:  S-1-5-21-117609710-746137067-1202660629-5644  Account Name:  lguffey  Account Domain:  someplaceD  Logon ID:  0x11fc798e  Logon GUID:  {95826048-81EB-1BFA-0F35-BDB9192F1CEF}  Process Information:  Process ID:  0x0  Process Name:  -  Network Information:  Workstation Name:   Source Network Address: 172.16.92.40  Source Port:  2602  Detailed Authentication Information:  Logon Process:  Kerberos  Authentication Package: Kerberos  Transited Services: -  Package Name (NTLM only): -  Key Length:  0  This event"
"<182>Sep 30 12:06:48 172.16.1.123 ""<13>Oct 22 11:43:39 172.16.73.163 AgentDevice=WindowsLog	AgentLogFile=Security	Source=Microsoft-Windows-Security-Auditing	Computer=someplace.com	User= 	Domain= 	EventID=4769	EventIDCode=4769	EventType=8	EventCategory=14337	RecordNumber=2578599	TimeGenerated=1256229817	TimeWritten=1256229817	Message=A Kerberos service ticket was requested.  Account Information:  Account Name:  lguffey@someplace.com  Account Domain:  someplace.com  Logon GUID:  {C4B36FC2-CFDC-B92A-FF9F-81213CC88ED6}  Service Information:  Service Name:  NEAC000$  Service ID:  S-1-5-21-117609710-746137067-1202660629-10138  Network Information:  Client Address:  172.16.92.40  Client Port:  2603  Additional Information:  Ticket Options:  0x40800000  Ticket Encryption Type: 0x17  Failure Code:  0x0  Transited Services: -  This event is generated every time access is requested to a resource such as a computer or a Windows service.  The service name indicates the resource to which access was requested.  Th"
"<182>Sep 30 12:06:48 172.16.1.123 ""<13>Oct 22 11:43:39 172.16.73.163 AgentDevice=WindowsLog	AgentLogFile=Security	Source=Microsoft-Windows-Security-Auditing	Computer=someplace.com	User= 	Domain= 	EventID=4634	EventIDCode=4634	EventType=8	EventCategory=12545	RecordNumber=2578629	TimeGenerated=1256229817	TimeWritten=1256229817	Message=An account was logged off.  Subject:  Security ID:  S-1-5-21-117609710-746137067-1202660629-5644  Account Name:  lguffey  Account Domain:  someplaceD  Logon ID:  0x11fc7a55  Logon Type:   3  This event is generated when a logon session is destroyed. It may be positively correlated with a logon event using the Logon ID value. Logon IDs are only unique between reboots on the same computer. "" "
"<182>Sep 30 12:06:41 172.16.1.123 ""<13>Oct 22 11:45:09 172.16.73.163 AgentDevice=WindowsLog	AgentLogFile=Security	Source=Microsoft-Windows-Security-Auditing	Computer=someplace.com	User= 	Domain= 	EventID=4634	EventIDCode=4634	EventType=8	EventCategory=12545	RecordNumber=2579103	TimeGenerated=1256229907	TimeWritten=1256229907	Message=An account was logged off.  Subject:  Security ID:  S-1-5-21-117609710-746137067-1202660629-5644  Account Name:  lguffey  Account Domain:  someplaceD  Logon ID:  0x11fc798e  Logon Type:   3  This event is generated when a logon session is destroyed. It may be positively correlated with a logon event using the Logon ID value. Logon IDs are only unique between reboots on the same computer. "" "
"<182>Sep 30 12:06:24 172.16.1.123 ""<13>Oct 22 11:50:38 172.16.73.163 AgentDevice=WindowsLog	AgentLogFile=Security	Source=Microsoft-Windows-Security-Auditing	Computer=someplace.com	User= 	Domain= 	EventID=4769	EventIDCode=4769	EventType=8	EventCategory=14337	RecordNumber=2580399	TimeGenerated=1256230236	TimeWritten=1256230236	Message=A Kerberos service ticket was requested.  Account Information:  Account Name:  tchaplin@someplace.com  Account Domain:  someplace.com  Logon GUID:  {AEE4186D-6224-457C-A554-E7C5C69EEEB2}  Service Information:  Service Name:  SOBCA.someplace.com  Service ID:  S-1-5-21-117609710-746137067-1202660629-0  Network Information:  Client Address:  ::ffff:172.16..142.42  Client Port:  59323  Additional Information:  Ticket Options:  0x40810000  Ticket Encryption Type: 0x17  Failure Code:  0x0  Transited Services: -  This event is generated every time access is requested to a resource such as a computer or a Windows service.  The service name indicates the resource to wh"
"<182>Sep 30 12:06:23 172.16.1.123 ""<13>Oct 22 11:51:01 172.16.73.163 AgentDevice=WindowsLog	AgentLogFile=Security	Source=Microsoft-Windows-Security-Auditing	Computer=someplace.com	User= 	Domain= 	EventID=4769	EventIDCode=4769	EventType=8	EventCategory=14337	RecordNumber=2580454	TimeGenerated=1256230259	TimeWritten=1256230259	Message=A Kerberos service ticket was requested.  Account Information:  Account Name:  wnakano@someplace.com  Account Domain:  someplace.com  Logon GUID:  {902488C9-2709-FDCB-613A-55501A48C5CC}  Service Information:  Service Name:  TRAC001$  Service ID:  S-1-5-21-117609710-746137067-1202660629-9328  Network Information:  Client Address:  ::ffff:172.16..142.103  Client Port:  61944  Additional Information:  Ticket Options:  0x40810000  Ticket Encryption Type: 0x17  Failure Code:  0x0  Transited Services: -  This event is generated every time access is requested to a resource such as a computer or a Windows service.  The service name indicates the resource to wh"
"<182>Sep 30 12:06:22 172.16.1.123 ""<13>Oct 22 11:51:09 172.16.73.163 AgentDevice=WindowsLog	AgentLogFile=Security	Source=Microsoft-Windows-Security-Auditing	Computer=someplace.com	User= 	Domain= 	EventID=4769	EventIDCode=4769	EventType=8	EventCategory=14337	RecordNumber=2580533	TimeGenerated=1256230266	TimeWritten=1256230266	Message=A Kerberos service ticket was requested.  Account Information:  Account Name:  acahn@someplace.com  Account Domain:  someplace.com  Logon GUID:  {3C4B4385-9625-0B40-C9D1-6931E4FA318B}  Service Information:  Service Name:  someplace.com  Service ID:  S-1-5-21-117609710-746137067-1202660629-0  Network Information:  Client Address:  ::ffff:172.16..142.35  Client Port:  60786  Additional Information:  Ticket Options:  0x40810000  Ticket Encryption Type: 0x17  Failure Code:  0x0  Transited Services: -  This event is generated every time access is requested to a resource such as a computer or a Windows service.  The service name indicates the resource to wh"
"<182>Sep 30 12:06:22 172.16.1.123 ""<13>Oct 22 11:51:16 172.16.73.163 AgentDevice=WindowsLog	AgentLogFile=Security	Source=Microsoft-Windows-Security-Auditing	Computer=someplace.com	User= 	Domain= 	EventID=4769	EventIDCode=4769	EventType=8	EventCategory=14337	RecordNumber=2580557	TimeGenerated=1256230273	TimeWritten=1256230273	Message=A Kerberos service ticket was requested.  Account Information:  Account Name:  lguffey@someplace.com  Account Domain:  someplace.com  Logon GUID:  {D51F7B3D-4AD5-E662-471E-D4A3C99E1152}  Service Information:  Service Name:  someplace.com  Service ID:  S-1-5-21-117609710-746137067-1202660629-0  Network Information:  Client Address:  ::ffff:172.16..142.30  Client Port:  57960  Additional Information:  Ticket Options:  0x40810000  Ticket Encryption Type: 0x17  Failure Code:  0x0  Transited Services: -  This event is generated every time access is requested to a resource such as a computer or a Windows service.  The service name indicates the resource to w"
"<182>Sep 30 12:06:19 172.16.1.123 ""<13>Oct 22 11:51:40 172.16.73.163 AgentDevice=WindowsLog	AgentLogFile=Security	Source=Microsoft-Windows-Security-Auditing	Computer=someplace.com	User= 	Domain= 	EventID=4769	EventIDCode=4769	EventType=8	EventCategory=14337	RecordNumber=2580761	TimeGenerated=1256230298	TimeWritten=1256230298	Message=A Kerberos service ticket was requested.  Account Information:  Account Name:  ahays@someplace.com  Account Domain:  someplace.com  Logon GUID:  {160B674A-998C-0E73-597E-EA46797A1417}  Service Information:  Service Name:  someplace.com  Service ID:  S-1-5-21-117609710-746137067-1202660629-0  Network Information:  Client Address:  ::ffff:172.16..141.22  Client Port:  61891  Additional Information:  Ticket Options:  0x40810000  Ticket Encryption Type: 0x17  Failure Code:  0x0  Transited Services: -  This event is generated every time access is requested to a resource such as a computer or a Windows service.  The service name indicates the resource to w"
"<182>Sep 30 12:06:13 172.16.1.123 ""<13>Oct 22 11:53:12 172.16.73.163 AgentDevice=WindowsLog	AgentLogFile=Security	Source=Microsoft-Windows-Security-Auditing	Computer=someplace.com	User= 	Domain= 	EventID=4769	EventIDCode=4769	EventType=8	EventCategory=14337	RecordNumber=2581226	TimeGenerated=1256230390	TimeWritten=1256230390	Message=A Kerberos service ticket was requested.  Account Information:  Account Name:  wnakano@someplace.com  Account Domain:  someplace.com  Logon GUID:  {C37BA04A-8808-C2B5-7119-7730623F42C0}  Service Information:  Service Name:  SOBCA.someplace.com  Service ID:  S-1-5-21-117609710-746137067-1202660629-0  Network Information:  Client Address:  ::ffff:172.16..142.131  Client Port:  58271  Additional Information:  Ticket Options:  0x40810000  Ticket Encryption Type: 0x17  Failure Code:  0x0  Transited Services: -  This event is generated every time access is requested to a resource such as a computer or a Windows service.  The service name indicates the resource to which "
"<182>Sep 30 12:06:12 172.16.1.123 ""<13>Oct 22 11:53:32 172.16.73.163 AgentDevice=WindowsLog	AgentLogFile=Security	Source=Microsoft-Windows-Security-Auditing	Computer=someplace.com	User= 	Domain= 	EventID=4769	EventIDCode=4769	EventType=8	EventCategory=14337	RecordNumber=2581328	TimeGenerated=1256230410	TimeWritten=1256230410	Message=A Kerberos service ticket was requested.  Account Information:  Account Name:  cbeckler@someplace.com  Account Domain:  someplace.com  Logon GUID:  {642F9B3C-58C0-9FBD-3349-644B79F1E0C4}  Service Information:  Service Name:  SOBCA.someplace.com  Service ID:  S-1-5-21-117609710-746137067-1202660629-0  Network Information:  Client Address:  ::ffff:172.16..142.109  Client Port:  64765  Additional Information:  Ticket Options:  0x40810000  Ticket Encryption Type: 0x17  Failure Code:  0x0  Transited Services: -  This event is generated every time access is requested to a resource such as a computer or a Windows service.  The service name indicates the resource to whi"
"<182>Sep 30 12:06:10 172.16.1.123 ""<13>Oct 22 11:53:56 172.16.73.163 AgentDevice=WindowsLog	AgentLogFile=Security	Source=Microsoft-Windows-Security-Auditing	Computer=someplace.com	User= 	Domain= 	EventID=4769	EventIDCode=4769	EventType=8	EventCategory=14337	RecordNumber=2581434	TimeGenerated=1256230434	TimeWritten=1256230434	Message=A Kerberos service ticket was requested.  Account Information:  Account Name:  mquinn@someplace.com  Account Domain:  someplace.com  Logon GUID:  {EF76F4D2-92A4-14C2-2D03-B88FEC508395}  Service Information:  Service Name:  NEAC000$  Service ID:  S-1-5-21-117609710-746137067-1202660629-10138  Network Information:  Client Address:  ::ffff:172.16..142.139  Client Port:  50762  Additional Information:  Ticket Options:  0x40810000  Ticket Encryption Type: 0x12  Failure Code:  0x0  Transited Services: -  This event is generated every time access is requested to a resource such as a computer or a Windows service.  The service name indicates the resource to which access "
"<182>Sep 30 12:06:10 172.16.1.123 ""<13>Oct 22 11:53:56 172.16.73.163 AgentDevice=WindowsLog	AgentLogFile=Security	Source=Microsoft-Windows-Security-Auditing	Computer=someplace.com	User= 	Domain= 	EventID=4624	EventIDCode=4624	EventType=8	EventCategory=12544	RecordNumber=2581435	TimeGenerated=1256230434	TimeWritten=1256230434	Message=An account was successfully logged on.  Subject:  Security ID:  S-1-0-0  Account Name:  -  Account Domain:  -  Logon ID:  0x0  Logon Type:   3  New Logon:  Security ID:  S-1-5-21-3277068210-4220330379-2677392526-1690  Account Name:  mquinn  Account Domain:   Logon ID:  0x1206a358  Logon GUID:  {6A914109-8CBC-69AE-32F2-EBFF54AD5F55}  Process Information:  Process ID:  0x0  Process Name:  -  Network Information:  Workstation Name:   Source Network Address: 172.16..142.139  Source Port:  50757  Detailed Authentication Information:  Logon Process:  Kerberos  Authentication Package: Kerberos  Transited Services: -  Package Name (NTLM only): -  Key Length:  0  This event i"
"<182>Sep 30 12:06:08 172.16.1.123 ""<13>Oct 22 11:54:34 172.16.73.163 AgentDevice=WindowsLog	AgentLogFile=Security	Source=Microsoft-Windows-Security-Auditing	Computer=someplace.com	User= 	Domain= 	EventID=4634	EventIDCode=4634	EventType=8	EventCategory=12545	RecordNumber=2581609	TimeGenerated=1256230471	TimeWritten=1256230471	Message=An account was logged off.  Subject:  Security ID:  S-1-5-21-3277068210-4220330379-2677392526-1690  Account Name:  mquinn  Account Domain:   Logon ID:  0x1206a358  Logon Type:   3  This event is generated when a logon session is destroyed. It may be positively correlated with a logon event using the Logon ID value. Logon IDs are only unique between reboots on the same computer. "" "
"<182>Sep 30 12:06:04 172.16.1.123 ""<13>Oct 22 11:55:45 172.16.73.163 AgentDevice=WindowsLog	AgentLogFile=Security	Source=Microsoft-Windows-Security-Auditing	Computer=someplace.com	User= 	Domain= 	EventID=4769	EventIDCode=4769	EventType=8	EventCategory=14337	RecordNumber=2582012	TimeGenerated=1256230542	TimeWritten=1256230542	Message=A Kerberos service ticket was requested.  Account Information:  Account Name:  aperro@someplace.com  Account Domain:  someplace.com  Logon GUID:  {7B4C2370-B516-5E22-4A69-91BCB28B1029}  Service Information:  Service Name:  someplace.com  Service ID:  S-1-5-21-117609710-746137067-1202660629-0  Network Information:  Client Address:  ::ffff:172.16..142.31  Client Port:  50459  Additional Information:  Ticket Options:  0x40810000  Ticket Encryption Type: 0x17  Failure Code:  0x0  Transited Services: -  This event is generated every time access is requested to a resource such as a computer or a Windows service.  The service name indicates the resource to w"
"<182>Sep 30 12:06:00 172.16.1.123 ""<13>Oct 22 11:56:40 172.16.73.163 AgentDevice=WindowsLog	AgentLogFile=Security	Source=Microsoft-Windows-Security-Auditing	Computer=someplace.com	User= 	Domain= 	EventID=4769	EventIDCode=4769	EventType=8	EventCategory=14337	RecordNumber=2582309	TimeGenerated=1256230598	TimeWritten=1256230598	Message=A Kerberos service ticket was requested.  Account Information:  Account Name:  umorel@someplace.com  Account Domain:  someplace.com  Logon GUID:  {47600A6C-5A97-6840-0F66-0D5B867093E2}  Service Information:  Service Name:  SOBCA.someplace.com  Service ID:  S-1-5-21-117609710-746137067-1202660629-0  Network Information:  Client Address:  ::ffff:172.16..142.36  Client Port:  55339  Additional Information:  Ticket Options:  0x40810000  Ticket Encryption Type: 0x17  Failure Code:  0x0  Transited Services: -  This event is generated every time access is requested to a resource such as a computer or a Windows service.  The service name indicates the resource to whic"
"<182>Sep 30 12:05:54 172.16.1.123 ""<13>Oct 22 11:58:15 172.16.73.163 AgentDevice=WindowsLog	AgentLogFile=Security	Source=Microsoft-Windows-Security-Auditing	Computer=someplace.com	User= 	Domain= 	EventID=4769	EventIDCode=4769	EventType=8	EventCategory=14337	RecordNumber=2582776	TimeGenerated=1256230693	TimeWritten=1256230693	Message=A Kerberos service ticket was requested.  Account Information:  Account Name:  awann@someplace.com  Account Domain:  someplace.com  Logon GUID:  {749056DA-1531-CCC8-2778-94D8009358AE}  Service Information:  Service Name:  someplace.com  Service ID:  S-1-5-21-117609710-746137067-1202660629-0  Network Information:  Client Address:  ::ffff:172.16..142.107  Client Port:  60955  Additional Information:  Ticket Options:  0x40810000  Ticket Encryption Type: 0x17  Failure Code:  0x0  Transited Services: -  This event is generated every time access is requested to a resource such as a computer or a Windows service.  The service name indicates the resource to w"
"<182>Sep 30 12:05:53 172.16.1.123 ""<13>Oct 22 11:58:39 172.16.73.163 AgentDevice=WindowsLog	AgentLogFile=Security	Source=Microsoft-Windows-Security-Auditing	Computer=someplace.com	User= 	Domain= 	EventID=4624	EventIDCode=4624	EventType=8	EventCategory=12544	RecordNumber=2582897	TimeGenerated=1256230717	TimeWritten=1256230717	Message=An account was successfully logged on.  Subject:  Security ID:  S-1-0-0  Account Name:  -  Account Domain:  -  Logon ID:  0x0  Logon Type:   3  New Logon:  Security ID:  S-1-5-21-1644491937-1275210071-725345543-74001  Account Name:  tbehling  Account Domain:  ALL  Logon ID:  0x120b82d6  Logon GUID:  {1E81D8D4-3895-EDAC-10BB-4F50CD0478AB}  Process Information:  Process ID:  0x0  Process Name:  -  Network Information:  Workstation Name:   Source Network Address: 172.16..142.111  Source Port:  52321  Detailed Authentication Information:  Logon Process:  Kerberos  Authentication Package: Kerberos  Transited Services: -  Package Name (NTLM only): -  Key Length:  0  This ev"
"<182>Sep 30 12:05:48 172.16.1.123 ""<13>Oct 22 11:59:54 172.16.73.163 AgentDevice=WindowsLog	AgentLogFile=Security	Source=Microsoft-Windows-Security-Auditing	Computer=someplace.com	User= 	Domain= 	EventID=4769	EventIDCode=4769	EventType=8	EventCategory=14337	RecordNumber=2583282	TimeGenerated=1256230791	TimeWritten=1256230791	Message=A Kerberos service ticket was requested.  Account Information:  Account Name:  rmuckissick@someplace.com  Account Domain:  someplace.com  Logon GUID:  {62CD2E38-A6D6-AB91-C2C2-121209235790}  Service Information:  Service Name:  someplace.com  Service ID:  S-1-5-21-117609710-746137067-1202660629-0  Network Information:  Client Address:  ::ffff:172.16..142.130  Client Port:  53184  Additional Information:  Ticket Options:  0x40810000  Ticket Encryption Type: 0x17  Failure Code:  0x0  Transited Services: -  This event is generated every time access is requested to a resource such as a computer or a Windows service.  The service name indicates the resource t"
"<182>Sep 30 12:05:48 172.16.1.123 ""<13>Oct 22 11:59:55 172.16.73.163 AgentDevice=WindowsLog	AgentLogFile=Security	Source=Microsoft-Windows-Security-Auditing	Computer=someplace.com	User= 	Domain= 	EventID=4769	EventIDCode=4769	EventType=8	EventCategory=14337	RecordNumber=2583286	TimeGenerated=1256230793	TimeWritten=1256230793	Message=A Kerberos service ticket was requested.  Account Information:  Account Name:  xpatterson@someplace.com  Account Domain:  someplace.com  Logon GUID:  {F51705EB-B0C3-A51B-6373-90D9AF6F87FD}  Service Information:  Service Name:  SOBCA.someplace.com  Service ID:  S-1-5-21-117609710-746137067-1202660629-0  Network Information:  Client Address:  ::ffff:172.16..142.38  Client Port:  56955  Additional Information:  Ticket Options:  0x40810000  Ticket Encryption Type: 0x17  Failure Code:  0x0  Transited Services: -  This event is generated every time access is requested to a resource such as a computer or a Windows service.  The service name indicates the resource to wh"
"<182>Sep 30 12:05:47 172.16.1.123 ""<13>Oct 22 12:00:00 172.16.73.163 AgentDevice=WindowsLog	AgentLogFile=Security	Source=Microsoft-Windows-Security-Auditing	Computer=someplace.com	User= 	Domain= 	EventID=4634	EventIDCode=4634	EventType=8	EventCategory=12545	RecordNumber=2583317	TimeGenerated=1256230798	TimeWritten=1256230798	Message=An account was logged off.  Subject:  Security ID:  S-1-5-21-1644491937-1275210071-725345543-74001  Account Name:  tbehling  Account Domain:  ALL  Logon ID:  0x120b82d6  Logon Type:   3  This event is generated when a logon session is destroyed. It may be positively correlated with a logon event using the Logon ID value. Logon IDs are only unique between reboots on the same computer. "" "
"<182>Sep 30 12:05:41 172.16.1.123 ""<13>Oct 22 12:01:43 172.16.73.163 AgentDevice=WindowsLog	AgentLogFile=Security	Source=Microsoft-Windows-Security-Auditing	Computer=someplace.com	User= 	Domain= 	EventID=4769	EventIDCode=4769	EventType=8	EventCategory=14337	RecordNumber=2583757	TimeGenerated=1256230900	TimeWritten=1256230900	Message=A Kerberos service ticket was requested.  Account Information:  Account Name:  kvendder@someplace.com  Account Domain:  someplace.com  Logon GUID:  {58155247-DED1-C1CD-8B91-F91B7426E7D3}  Service Information:  Service Name:  someplace.com  Service ID:  S-1-5-21-117609710-746137067-1202660629-0  Network Information:  Client Address:  ::ffff:172.16..142.105  Client Port:  54611  Additional Information:  Ticket Options:  0x40810000  Ticket Encryption Type: 0x17  Failure Code:  0x0  Transited Services: -  This event is generated every time access is requested to a resource such as a computer or a Windows service.  The service name indicates the resource t"
"<182>Sep 30 12:05:41 172.16.1.123 ""<13>Oct 22 12:01:49 172.16.73.163 AgentDevice=WindowsLog	AgentLogFile=Security	Source=Microsoft-Windows-Security-Auditing	Computer=someplace.com	User= 	Domain= 	EventID=4769	EventIDCode=4769	EventType=8	EventCategory=14337	RecordNumber=2583808	TimeGenerated=1256230907	TimeWritten=1256230907	Message=A Kerberos service ticket was requested.  Account Information:  Account Name:  ehannahs@someplace.com  Account Domain:  someplace.com  Logon GUID:  {2C05AAEA-3397-E001-623D-FD581238293D}  Service Information:  Service Name:  SOBCA.someplace.com  Service ID:  S-1-5-21-117609710-746137067-1202660629-0  Network Information:  Client Address:  ::ffff:172.16..142.104  Client Port:  53250  Additional Information:  Ticket Options:  0x40810000  Ticket Encryption Type: 0x17  Failure Code:  0x0  Transited Services: -  This event is generated every time access is requested to a resource such as a computer or a Windows service.  The service name indicates the resource to"
"<182>Sep 30 12:05:38 172.16.1.123 ""<13>Oct 22 12:02:55 172.16.73.163 AgentDevice=WindowsLog	AgentLogFile=Security	Source=Microsoft-Windows-Security-Auditing	Computer=someplace.com	User= 	Domain= 	EventID=4624	EventIDCode=4624	EventType=8	EventCategory=12544	RecordNumber=2584059	TimeGenerated=1256230973	TimeWritten=1256230973	Message=An account was successfully logged on.  Subject:  Security ID:  S-1-0-0  Account Name:  -  Account Domain:  -  Logon ID:  0x0  Logon Type:   3  New Logon:  Security ID:  S-1-5-21-117609710-746137067-1202660629-5644  Account Name:  lguffey  Account Domain:  someplaceD  Logon ID:  0x120fbb66  Logon GUID:  {D476C693-7325-305E-AD3B-DEFC38B4F29D}  Process Information:  Process ID:  0x0  Process Name:  -  Network Information:  Workstation Name:   Source Network Address: 172.16.93.2  Source Port:  4376  Detailed Authentication Information:  Logon Process:  Kerberos  Authentication Package: Kerberos  Transited Services: -  Package Name (NTLM only): -  Key Length:  0  This event "
"<182>Sep 30 12:05:37 172.16.1.123 ""<13>Oct 22 12:02:55 172.16.73.163 AgentDevice=WindowsLog	AgentLogFile=Security	Source=Microsoft-Windows-Security-Auditing	Computer=someplace.com	User= 	Domain= 	EventID=4624	EventIDCode=4624	EventType=8	EventCategory=12544	RecordNumber=2584064	TimeGenerated=1256230973	TimeWritten=1256230973	Message=An account was successfully logged on.  Subject:  Security ID:  S-1-0-0  Account Name:  -  Account Domain:  -  Logon ID:  0x0  Logon Type:   3  New Logon:  Security ID:  S-1-5-21-117609710-746137067-1202660629-5644  Account Name:  lguffey  Account Domain:  someplaceD  Logon ID:  0x120fc60e  Logon GUID:  {D476C693-7325-305E-AD3B-DEFC38B4F29D}  Process Information:  Process ID:  0x0  Process Name:  -  Network Information:  Workstation Name:   Source Network Address: 172.16.93.2  Source Port:  4381  Detailed Authentication Information:  Logon Process:  Kerberos  Authentication Package: Kerberos  Transited Services: -  Package Name (NTLM only): -  Key Length:  0  This event "
"<182>Sep 30 12:05:37 172.16.1.123 ""<13>Oct 22 12:02:55 172.16.73.163 AgentDevice=WindowsLog	AgentLogFile=Security	Source=Microsoft-Windows-Security-Auditing	Computer=someplace.com	User= 	Domain= 	EventID=4624	EventIDCode=4624	EventType=8	EventCategory=12544	RecordNumber=2584078	TimeGenerated=1256230973	TimeWritten=1256230973	Message=An account was successfully logged on.  Subject:  Security ID:  S-1-0-0  Account Name:  -  Account Domain:  -  Logon ID:  0x0  Logon Type:   3  New Logon:  Security ID:  S-1-5-21-117609710-746137067-1202660629-5644  Account Name:  lguffey  Account Domain:  someplaceD  Logon ID:  0x120fc8b0  Logon GUID:  {2FE1998D-C795-6383-7CB1-8EC217D16428}  Process Information:  Process ID:  0x0  Process Name:  -  Network Information:  Workstation Name:   Source Network Address: 172.16.93.2  Source Port:  4384  Detailed Authentication Information:  Logon Process:  Kerberos  Authentication Package: Kerberos  Transited Services: -  Package Name (NTLM only): -  Key Length:  0  This event "
"<182>Sep 30 12:05:37 172.16.1.123 ""<13>Oct 22 12:02:55 172.16.73.163 AgentDevice=WindowsLog	AgentLogFile=Security	Source=Microsoft-Windows-Security-Auditing	Computer=someplace.com	User= 	Domain= 	EventID=4624	EventIDCode=4624	EventType=8	EventCategory=12544	RecordNumber=2584069	TimeGenerated=1256230973	TimeWritten=1256230973	Message=An account was successfully logged on.  Subject:  Security ID:  S-1-0-0  Account Name:  -  Account Domain:  -  Logon ID:  0x0  Logon Type:   3  New Logon:  Security ID:  S-1-5-21-117609710-746137067-1202660629-5644  Account Name:  lguffey  Account Domain:  someplaceD  Logon ID:  0x120fc73e  Logon GUID:  {6CE2B476-B635-4BF2-4A9D-083A07EAAFCB}  Process Information:  Process ID:  0x0  Process Name:  -  Network Information:  Workstation Name:   Source Network Address: 172.16.93.2  Source Port:  4383  Detailed Authentication Information:  Logon Process:  Kerberos  Authentication Package: Kerberos  Transited Services: -  Package Name (NTLM only): -  Key Length:  0  This event "
"<182>Sep 30 12:05:37 172.16.1.123 ""<13>Oct 22 12:02:55 172.16.73.163 AgentDevice=WindowsLog	AgentLogFile=Security	Source=Microsoft-Windows-Security-Auditing	Computer=someplace.com	User= 	Domain= 	EventID=5140	EventIDCode=5140	EventType=8	EventCategory=12808	RecordNumber=2584079	TimeGenerated=1256230973	TimeWritten=1256230973	Message=A network share object was accessed.   Subject:  Security ID:  S-1-5-21-117609710-746137067-1202660629-5644  Account Name:  lguffey  Account Domain:  someplaceD  Logon ID:  0x120fc8b0  Network Information:   Source Address:  172.16.93.2  Source Port:  4384   Share Name:   \\*\SYSVOL "" "
"<182>Sep 30 12:05:35 172.16.1.123 ""<13>Oct 22 12:03:34 172.16.73.163 AgentDevice=WindowsLog	AgentLogFile=Security	Source=Microsoft-Windows-Security-Auditing	Computer=someplace.com	User= 	Domain= 	EventID=4769	EventIDCode=4769	EventType=8	EventCategory=14337	RecordNumber=2584207	TimeGenerated=1256231012	TimeWritten=1256231012	Message=A Kerberos service ticket was requested.  Account Information:  Account Name:  ahays@someplace.com  Account Domain:  someplace.com  Logon GUID:  {67FA5D7E-97E9-7E8E-5727-549677A7857E}  Service Information:  Service Name:  someplace.com  Service ID:  S-1-5-21-117609710-746137067-1202660629-0  Network Information:  Client Address:  ::ffff:172.16..142.217  Client Port:  58282  Additional Information:  Ticket Options:  0x40810000  Ticket Encryption Type: 0x17  Failure Code:  0x0  Transited Services: -  This event is generated every time access is requested to a resource such as a computer or a Windows service.  The service name indicates the resource"
"<182>Sep 30 12:05:37 172.16.1.123 ""<13>Oct 22 12:02:55 172.16.73.163 AgentDevice=WindowsLog	AgentLogFile=Security	Source=Microsoft-Windows-Security-Auditing	Computer=someplace.com	User= 	Domain= 	EventID=4634	EventIDCode=4634	EventType=8	EventCategory=12545	RecordNumber=2584080	TimeGenerated=1256230973	TimeWritten=1256230973	Message=An account was logged off.  Subject:  Security ID:  S-1-5-21-117609710-746137067-1202660629-5644  Account Name:  lguffey  Account Domain:  someplaceD  Logon ID:  0x120fc73e  Logon Type:   3  This event is generated when a logon session is destroyed. It may be positively correlated with a logon event using the Logon ID value. Logon IDs are only unique between reboots on the same computer. "" "
"<182>Sep 30 12:05:38 172.16.1.123 ""<13>Oct 22 12:02:55 172.16.73.163 AgentDevice=WindowsLog	AgentLogFile=Security	Source=Microsoft-Windows-Security-Auditing	Computer=someplace.com	User= 	Domain= 	EventID=4672	EventIDCode=4672	EventType=8	EventCategory=12548	RecordNumber=2584062	TimeGenerated=1256230973	TimeWritten=1256230973	Message=Special privileges assigned to new logon.  Subject:  Security ID:  S-1-5-21-117609710-746137067-1202660629-5644  Account Name:  lguffey  Account Domain:  someplaceD  Logon ID:  0x120fc60e  Privileges:  SeSecurityPrivilege    SeBackupPrivilege    SeRestorePrivilege    SeTakeOwnershipPrivilege    SeDebugPrivilege    SeSystemEnvironmentPrivilege    SeLoadDriverPrivilege    SeImpersonatePrivilege    SeEnableDelegationPrivilege "" "
"<182>Sep 30 12:05:34 172.16.1.123 ""<13>Oct 22 12:03:59 172.16.73.163 AgentDevice=WindowsLog	AgentLogFile=Security	Source=Microsoft-Windows-Security-Auditing	Computer=someplace.com	User= 	Domain= 	EventID=4624	EventIDCode=4624	EventType=8	EventCategory=12544	RecordNumber=2584266	TimeGenerated=1256231038	TimeWritten=1256231038	Message=An account was successfully logged on.  Subject:  Security ID:  S-1-0-0  Account Name:  -  Account Domain:  -  Logon ID:  0x0  Logon Type:   3  New Logon:  Security ID:  S-1-5-21-117609710-746137067-1202660629-5644  Account Name:  lguffey  Account Domain:  someplaceD  Logon ID:  0x1210aaf0  Logon GUID:  {67FE5466-E264-B88A-6DC9-EB5E0D1B1284}  Process Information:  Process ID:  0x0  Process Name:  -  Network Information:  Workstation Name:   Source Network Address: 172.16.92.40  Source Port:  1376  Detailed Authentication Information:  Logon Process:  Kerberos  Authentication Package: Kerberos  Transited Services: -  Package Name (NTLM only): -  Key Length:  0  This event"
"<182>Sep 30 12:05:30 172.16.1.123 ""<13>Oct 22 12:05:31 172.16.73.163 AgentDevice=WindowsLog	AgentLogFile=Security	Source=Microsoft-Windows-Security-Auditing	Computer=someplace.com	User= 	Domain= 	EventID=4634	EventIDCode=4634	EventType=8	EventCategory=12545	RecordNumber=2584599	TimeGenerated=1256231128	TimeWritten=1256231128	Message=An account was logged off.  Subject:  Security ID:  S-1-5-21-117609710-746137067-1202660629-5644  Account Name:  lguffey  Account Domain:  someplaceD  Logon ID:  0x1210aaf0  Logon Type:   3  This event is generated when a logon session is destroyed. It may be positively correlated with a logon event using the Logon ID value. Logon IDs are only unique between reboots on the same computer. "" "
"<182>Sep 30 12:05:11 172.16.1.123 ""<13>Oct 22 12:10:03 172.16.73.163 AgentDevice=WindowsLog	AgentLogFile=Security	Source=Microsoft-Windows-Security-Auditing	Computer=someplace.com	User= 	Domain= 	EventID=4768	EventIDCode=4768	EventType=8	EventCategory=14339	RecordNumber=2585945	TimeGenerated=1256231401	TimeWritten=1256231401	Message=A Kerberos authentication ticket (TGT) was requested.  Account Information:  Account Name:  lguffey  Supplied Realm Name: someplaceD  User ID:   S-1-5-21-117609710-746137067-1202660629-5644  Service Information:  Service Name:  krbtgt  Service ID:  S-1-5-21-117609710-746137067-1202660629-502  Network Information:  Client Address:  ::ffff:172.16.92.40  Client Port:  2197  Additional Information:  Ticket Options:  0x40810010  Result Code:  0x0  Ticket Encryption Type: 0x17  Pre-Authentication Type: 2  Certificate Information:  Certificate Issuer Name:    Certificate Serial Number:   Certificate Thumbprint:    Certificate information is only provided if a certificate was us"
"<182>Sep 30 12:05:11 172.16.1.123 ""<13>Oct 22 12:10:03 172.16.73.163 AgentDevice=WindowsLog	AgentLogFile=Security	Source=Microsoft-Windows-Security-Auditing	Computer=someplace.com	User= 	Domain= 	EventID=4769	EventIDCode=4769	EventType=8	EventCategory=14337	RecordNumber=2585947	TimeGenerated=1256231401	TimeWritten=1256231401	Message=A Kerberos service ticket was requested.  Account Information:  Account Name:  lguffey@someplace.com  Account Domain:  someplace.com  Logon GUID:  {F5013701-3379-3BB3-0884-7CFFBAEC9057}  Service Information:  Service Name:  TRTCVIM001$  Service ID:  S-1-5-21-117609710-746137067-1202660629-6116  Network Information:  Client Address:  ::ffff:172.16.92.40  Client Port:  2200  Additional Information:  Ticket Options:  0x40810000  Ticket Encryption Type: 0x17  Failure Code:  0x0  Transited Services: -  This event is generated every time access is requested to a resource such as a computer or a Windows service.  The service name indicates the resource to which access was reque"
"<182>Sep 30 12:05:05 172.16.1.123 ""<13>Oct 22 12:11:42 172.16.73.163 AgentDevice=WindowsLog	AgentLogFile=Security	Source=Microsoft-Windows-Security-Auditing	Computer=someplace.com	User= 	Domain= 	EventID=4769	EventIDCode=4769	EventType=8	EventCategory=14337	RecordNumber=2586382	TimeGenerated=1256231499	TimeWritten=1256231499	Message=A Kerberos service ticket was requested.  Account Information:  Account Name:  umorel@someplace.com  Account Domain:  someplace.com  Logon GUID:  {72BEE10E-D455-A958-FF4C-C5D059571CCE}  Service Information:  Service Name:  NEAC000$  Service ID:  S-1-5-21-117609710-746137067-1202660629-10138  Network Information:  Client Address:  ::ffff:172.16.82.28  Client Port:  63881  Additional Information:  Ticket Options:  0x40810000  Ticket Encryption Type: 0x12  Failure Code:  0x0  Transited Services: -  This event is generated every time access is requested to a resource such as a computer or a Windows service.  The service name indicates the resource to which access "
"<182>Sep 30 12:05:05 172.16.1.123 ""<13>Oct 22 12:11:43 172.16.73.163 AgentDevice=WindowsLog	AgentLogFile=Security	Source=Microsoft-Windows-Security-Auditing	Computer=someplace.com	User= 	Domain= 	EventID=4624	EventIDCode=4624	EventType=8	EventCategory=12544	RecordNumber=2586383	TimeGenerated=1256231499	TimeWritten=1256231499	Message=An account was successfully logged on.  Subject:  Security ID:  S-1-0-0  Account Name:  -  Account Domain:  -  Logon ID:  0x0  Logon Type:   3  New Logon:  Security ID:  S-1-5-21-1275210071-492894223-682003330-835701  Account Name:  umorel  Account Domain:   Logon ID:  0x12184c53  Logon GUID:  {68456FD8-6564-759B-6B63-F571D1A56C66}  Process Information:  Process ID:  0x0  Process Name:  -  Network Information:  Workstation Name:   Source Network Address: 172.16.82.28  Source Port:  63879  Detailed Authentication Information:  Logon Process:  Kerberos  Authentication Package: Kerberos  Transited Services: -  Package Name (NTLM only): -  Key Length:  0  This event i"
"<182>Sep 30 12:05:02 172.16.1.123 ""<13>Oct 22 12:12:20 172.16.73.163 AgentDevice=WindowsLog	AgentLogFile=Security	Source=Microsoft-Windows-Security-Auditing	Computer=someplace.com	User= 	Domain= 	EventID=4624	EventIDCode=4624	EventType=8	EventCategory=12544	RecordNumber=2586663	TimeGenerated=1256231538	TimeWritten=1256231538	Message=An account was successfully logged on.  Subject:  Security ID:  S-1-0-0  Account Name:  -  Account Domain:  -  Logon ID:  0x0  Logon Type:   3  New Logon:  Security ID:  S-1-5-21-1275210071-492894223-682003330-835701  Account Name:  umorel  Account Domain:   Logon ID:  0x12194298  Logon GUID:  {42C60FC5-9B96-590B-4EB8-B7DEAE71DE8E}  Process Information:  Process ID:  0x0  Process Name:  -  Network Information:  Workstation Name:   Source Network Address: 172.16.82.28  Source Port:  63879  Detailed Authentication Information:  Logon Process:  Kerberos  Authentication Package: Kerberos  Transited Services: -  Package Name (NTLM only): -  Key Length:  0  This event i"
"<182>Sep 30 12:05:00 172.16.1.123 ""<13>Oct 22 12:12:57 172.16.73.163 AgentDevice=WindowsLog	AgentLogFile=Security	Source=Microsoft-Windows-Security-Auditing	Computer=someplace.com	User= 	Domain= 	EventID=4634	EventIDCode=4634	EventType=8	EventCategory=12545	RecordNumber=2586805	TimeGenerated=1256231574	TimeWritten=1256231574	Message=An account was logged off.  Subject:  Security ID:  S-1-5-21-1275210071-492894223-682003330-835701  Account Name:  umorel  Account Domain:   Logon ID:  0x12194298  Logon Type:   3  This event is generated when a logon session is destroyed. It may be positively correlated with a logon event using the Logon ID value. Logon IDs are only unique between reboots on the same computer. "" "
"<182>Sep 30 12:05:00 172.16.1.123 ""<13>Oct 22 12:12:57 172.16.73.163 AgentDevice=WindowsLog	AgentLogFile=Security	Source=Microsoft-Windows-Security-Auditing	Computer=someplace.com	User= 	Domain= 	EventID=4634	EventIDCode=4634	EventType=8	EventCategory=12545	RecordNumber=2586804	TimeGenerated=1256231574	TimeWritten=1256231574	Message=An account was logged off.  Subject:  Security ID:  S-1-5-21-1275210071-492894223-682003330-835701  Account Name:  umorel  Account Domain:   Logon ID:  0x12184c53  Logon Type:   3  This event is generated when a logon session is destroyed. It may be positively correlated with a logon event using the Logon ID value. Logon IDs are only unique between reboots on the same computer. "" "
