"<182>Sep 30 12:00:14 172.16.1.123 ""<13>Oct 22 13:26:50 172.16.73.163 AgentDevice=WindowsLog	AgentLogFile=Security	Source=Microsoft-Windows-Security-Auditing	Computer=someplace.com	User= 	Domain= 	EventID=4658	EventIDCode=4658	EventType=8	EventCategory=12804	RecordNumber=2608442	TimeGenerated=1256236008	TimeWritten=1256236008	Message=The handle to an object was closed.  Subject :  Security ID:  S-1-5-21-117609710-746137067-1202660629-4620  Account Name:  lguffey  Account Domain:  someplaceD  Logon ID:  0x1265473a  Object:  Object Server:  Security Account Manager  Handle ID:  0xf4cbdf0  Process Information:  Process ID:  0x24c  Process Name:  C:\Windows\System32\lsass.exe "" "
"<182>Sep 30 12:00:14 172.16.1.123 ""<13>Oct 22 13:26:51 172.16.73.163 AgentDevice=WindowsLog	AgentLogFile=Security	Source=Microsoft-Windows-Security-Auditing	Computer=someplace.com	User= 	Domain= 	EventID=4776	EventIDCode=4776	EventType=16	EventCategory=14336	RecordNumber=2608447	TimeGenerated=1256236008	TimeWritten=1256236008	Message=The domain controller attempted to validate the credentials for an account.  Authentication Package: MICROSOFT_AUTHENTICATION_PACKAGE_V1_0 Logon Account: lguffey@someplace.com Source Workstation: SETEC106 Error Code: 0xc000006a "" "
"<182>Sep 30 12:00:14 172.16.1.123 ""<13>Oct 22 13:26:51 172.16.73.163 AgentDevice=WindowsLog	AgentLogFile=Security	Source=Microsoft-Windows-Security-Auditing	Computer=someplace.com	User= 	Domain= 	EventID=4771	EventIDCode=4771	EventType=16	EventCategory=14339	RecordNumber=2608443	TimeGenerated=1256236008	TimeWritten=1256236008	Message=Kerberos pre-authentication failed.  Account Information:  Security ID:  S-1-5-21-117609710-746137067-1202660629-4620  Account Name:  lguffey  Service Information:  Service Name:  krbtgt/someplace.com  Network Information:  Client Address:  ::ffff:172.16.180.98  Client Port:  1714  Additional Information:  Ticket Options:  0x40810010  Failure Code:  0x18  Pre-Authentication Type: 2  Certificate Information:  Certificate Issuer Name:    Certificate Serial Number:    Certificate Thumbprint:    Certificate information is only provided if a certificate was used for pre-authentication.  Pre-authentication types, ticket options and failure codes are defined in RFC 4120.  If"
"<182>Sep 30 12:00:13 172.16.1.123 ""<13>Oct 22 13:27:01 172.16.73.163 AgentDevice=WindowsLog	AgentLogFile=Security	Source=Microsoft-Windows-Security-Auditing	Computer=someplace.com	User= 	Domain= 	EventID=4634	EventIDCode=4634	EventType=8	EventCategory=12545	RecordNumber=2608512	TimeGenerated=1256236019	TimeWritten=1256236019	Message=An account was logged off.  Subject:  Security ID:  S-1-5-21-117609710-746137067-1202660629-4620  Account Name:  lguffey  Account Domain:  someplaceD  Logon ID:  0x1265473a  Logon Type:   3  This event is generated when a logon session is destroyed. It may be positively correlated with a logon event using the Logon ID value. Logon IDs are only unique between reboots on the same computer. "" "
"<182>Sep 30 12:00:11 172.16.1.123 ""<13>Oct 22 13:27:15 172.16.73.163 AgentDevice=WindowsLog	AgentLogFile=Security	Source=Microsoft-Windows-Security-Auditing	Computer=someplace.com	User= 	Domain= 	EventID=4634	EventIDCode=4634	EventType=8	EventCategory=12545	RecordNumber=2608673	TimeGenerated=1256236033	TimeWritten=1256236033	Message=An account was logged off.  Subject:  Security ID:  S-1-5-21-117609710-746137067-1202660629-5644  Account Name:  lguffey  Account Domain:  someplaceD  Logon ID:  0x126428b6  Logon Type:   3  This event is generated when a logon session is destroyed. It may be positively correlated with a logon event using the Logon ID value. Logon IDs are only unique between reboots on the same computer. "" "
"<182>Sep 30 12:00:10 172.16.1.123 ""<13>Oct 22 13:27:39 172.16.73.163 AgentDevice=WindowsLog	AgentLogFile=Security	Source=Microsoft-Windows-Security-Auditing	Computer=someplace.com	User= 	Domain= 	EventID=4770	EventIDCode=4770	EventType=8	EventCategory=14337	RecordNumber=2608814	TimeGenerated=1256236055	TimeWritten=1256236055	Message=A Kerberos service ticket was renewed.  Account Information:  Account Name:  ahays@someplace.com  Account Domain:  someplace.com  Service Information:  Service Name:  krbtgt  Service ID:  S-1-5-21-117609710-746137067-1202660629-502  Network Information:  Client Address:  ::1  Client Port:  0  Additional Information:  Ticket Options:  0x2  Ticket Encryption Type: 0x12  Ticket options and encryption types are defined in RFC 4120. "" "
"<182>Sep 30 12:00:09 172.16.1.123 ""<13>Oct 22 13:27:59 172.16.73.163 AgentDevice=WindowsLog	AgentLogFile=Security	Source=Microsoft-Windows-Security-Auditing	Computer=someplace.com	User= 	Domain= 	EventID=4634	EventIDCode=4634	EventType=8	EventCategory=12545	RecordNumber=2608893	TimeGenerated=1256236076	TimeWritten=1256236076	Message=An account was logged off.  Subject:  Security ID:  S-1-5-21-117609710-746137067-1202660629-5644  Account Name:  lguffey  Account Domain:  someplaceD  Logon ID:  0x126428e6  Logon Type:   3  This event is generated when a logon session is destroyed. It may be positively correlated with a logon event using the Logon ID value. Logon IDs are only unique between reboots on the same computer. "" "
"<182>Sep 30 11:59:49 172.16.1.123 ""<13>Oct 22 13:33:09 172.16.73.163 AgentDevice=WindowsLog	AgentLogFile=Security	Source=Microsoft-Windows-Security-Auditing	Computer=someplace.com	User= 	Domain= 	EventID=4769	EventIDCode=4769	EventType=8	EventCategory=14337	RecordNumber=2610382	TimeGenerated=1256236386	TimeWritten=1256236386	Message=A Kerberos service ticket was requested.  Account Information:  Account Name:  mquinn@someplace.com  Account Domain:  someplace.com  Logon GUID:  {C917E5AD-DEA9-3575-3C77-1D95DB2A167B}  Service Information:  Service Name:  SOBCA.someplace.com  Service ID:  S-1-5-21-117609710-746137067-1202660629-0  Network Information:  Client Address:  172.16..42.37  Client Port:  1540  Additional Information:  Ticket Options:  0x40800000  Ticket Encryption Type: 0x17  Failure Code:  0x0  Transited Services: -  This event is generated every time access is requested to a resource such as a computer or a Windows service.  The service name indicates the resource to which "
"<182>Sep 30 11:59:37 172.16.1.123 ""<13>Oct 22 13:36:36 172.16.73.163 AgentDevice=WindowsLog	AgentLogFile=Security	Source=Microsoft-Windows-Security-Auditing	Computer=someplace.com	User= 	Domain= 	EventID=4770	EventIDCode=4770	EventType=8	EventCategory=14337	RecordNumber=2611227	TimeGenerated=1256236593	TimeWritten=1256236593	Message=A Kerberos service ticket was renewed.  Account Information:  Account Name:  lguffey@someplace.com  Account Domain:  someplace.com  Service Information:  Service Name:  krbtgt  Service ID:  S-1-5-21-117609710-746137067-1202660629-502  Network Information:  Client Address:  172.16.92.40  Client Port:  3262  Additional Information:  Ticket Options:  0x2  Ticket Encryption Type: 0x12  Ticket options and encryption types are defined in RFC 4120. "" "
"<182>Sep 30 11:59:12 172.16.1.123 ""<13>Oct 22 13:42:30 172.16.73.163 AgentDevice=WindowsLog	AgentLogFile=Security	Source=Microsoft-Windows-Security-Auditing	Computer=someplace.com	User= 	Domain= 	EventID=4776	EventIDCode=4776	EventType=8	EventCategory=14336	RecordNumber=2613197	TimeGenerated=1256236948	TimeWritten=1256236948	Message=The domain controller attempted to validate the credentials for an account.  Authentication Package: MICROSOFT_AUTHENTICATION_PACKAGE_V1_0 Logon Account: lguffey Source Workstation: GREGLT Error Code: 0x0 "" "
