"<182>Sep 30 12:04:57 172.16.1.123 ""<13>Oct 22 12:14:03 172.16.73.163 AgentDevice=WindowsLog	AgentLogFile=Security	Source=Microsoft-Windows-Security-Auditing	Computer=someplace.com	User= 	Domain= 	EventID=4769	EventIDCode=4769	EventType=8	EventCategory=14337	RecordNumber=2587032	TimeGenerated=1256231640	TimeWritten=1256231640	Message=A Kerberos service ticket was requested.  Account Information:  Account Name:  khayhurst@someplace.com  Account Domain:  someplace.com  Logon GUID:  {47A8CBF6-3E88-72F1-5977-A6E39223AA1D}  Service Information:  Service Name:  someplace.com  Service ID:  S-1-5-21-117609710-746137067-1202660629-0  Network Information:  Client Address:  ::ffff:172.16.82.60  Client Port:  57760  Additional Information:  Ticket Options:  0x40810000  Ticket Encryption Type: 0x17  Failure Code:  0x0  Transited Services: -  This event is generated every time access is requested to a resource such as a computer or a Windows service.  The service name indicates the resource to whi"
"<182>Sep 30 12:04:49 172.16.1.123 ""<13>Oct 22 12:16:01 172.16.73.163 AgentDevice=WindowsLog	AgentLogFile=Security	Source=Microsoft-Windows-Security-Auditing	Computer=someplace.com	User= 	Domain= 	EventID=4769	EventIDCode=4769	EventType=8	EventCategory=14337	RecordNumber=2587631	TimeGenerated=1256231759	TimeWritten=1256231759	Message=A Kerberos service ticket was requested.  Account Information:  Account Name:  lbeckmann@someplace.com  Account Domain:  someplace.com  Logon GUID:  {CCFF0EAB-B389-E8A6-3C39-C57774609A67}  Service Information:  Service Name:  someplace.com  Service ID:  S-1-5-21-117609710-746137067-1202660629-0  Network Information:  Client Address:  ::ffff:172.16.142.75  Client Port:  1469  Additional Information:  Ticket Options:  0x40810000  Ticket Encryption Type: 0x17  Failure Code:  0x0  Transited Services: -  This event is generated every time access is requested to a resource such as a computer or a Windows service.  The service name indicates the resource to which "
"<182>Sep 30 12:04:36 172.16.1.123 ""<13>Oct 22 12:20:10 172.16.73.163 AgentDevice=WindowsLog	AgentLogFile=Security	Source=Microsoft-Windows-Security-Auditing	Computer=someplace.com	User= 	Domain= 	EventID=4769	EventIDCode=4769	EventType=8	EventCategory=14337	RecordNumber=2588661	TimeGenerated=1256232007	TimeWritten=1256232007	Message=A Kerberos service ticket was requested.  Account Information:  Account Name:  achan@someplace.com  Account Domain:  someplace.com  Logon GUID:  {8474F48B-6175-42CE-3F79-5E62DF372E78}  Service Information:  Service Name:  someplace.com  Service ID:  S-1-5-21-117609710-746137067-1202660629-0  Network Information:  Client Address:  ::ffff:172.16.20.178  Client Port:  62090  Additional Information:  Ticket Options:  0x40810000  Ticket Encryption Type: 0x17  Failure Code:  0x0  Transited Services: -  This event is generated every time access is requested to a resource such as a computer or a Windows service.  The service name indicates the resource to wh"
"<182>Sep 30 12:04:12 172.16.1.123 ""<13>Oct 22 12:25:21 172.16.73.163 AgentDevice=WindowsLog	AgentLogFile=Security	Source=Microsoft-Windows-Security-Auditing	Computer=someplace.com	User= 	Domain= 	EventID=4624	EventIDCode=4624	EventType=8	EventCategory=12544	RecordNumber=2590481	TimeGenerated=1256232319	TimeWritten=1256232319	Message=An account was successfully logged on.  Subject:  Security ID:  S-1-0-0  Account Name:  -  Account Domain:  -  Logon ID:  0x0  Logon Type:   3  New Logon:  Security ID:  S-1-5-21-117609710-746137067-1202660629-5644  Account Name:  lguffey  Account Domain:  someplaceD  Logon ID:  0x12263618  Logon GUID:  {D11E1C93-D32C-2621-99F4-88C5A119DCDE}  Process Information:  Process ID:  0x0  Process Name:  -  Network Information:  Workstation Name:   Source Network Address: 172.16.92.42  Source Port:  3379  Detailed Authentication Information:  Logon Process:  Kerberos  Authentication Package: Kerberos  Transited Services: -  Package Name (NTLM only): -  Key Length:  0  This event"
"<182>Sep 30 12:04:12 172.16.1.123 ""<13>Oct 22 12:25:21 172.16.73.163 AgentDevice=WindowsLog	AgentLogFile=Security	Source=Microsoft-Windows-Security-Auditing	Computer=someplace.com	User= 	Domain= 	EventID=4624	EventIDCode=4624	EventType=8	EventCategory=12544	RecordNumber=2590486	TimeGenerated=1256232319	TimeWritten=1256232319	Message=An account was successfully logged on.  Subject:  Security ID:  S-1-0-0  Account Name:  -  Account Domain:  -  Logon ID:  0x0  Logon Type:   3  New Logon:  Security ID:  S-1-5-21-117609710-746137067-1202660629-5644  Account Name:  lguffey  Account Domain:  someplaceD  Logon ID:  0x1226362f  Logon GUID:  {D11E1C93-D32C-2621-99F4-88C5A119DCDE}  Process Information:  Process ID:  0x0  Process Name:  -  Network Information:  Workstation Name:   Source Network Address: 172.16.92.42  Source Port:  3383  Detailed Authentication Information:  Logon Process:  Kerberos  Authentication Package: Kerberos  Transited Services: -  Package Name (NTLM only): -  Key Length:  0  This event"
"<182>Sep 30 12:04:12 172.16.1.123 ""<13>Oct 22 12:25:21 172.16.73.163 AgentDevice=WindowsLog	AgentLogFile=Security	Source=Microsoft-Windows-Security-Auditing	Computer=someplace.com	User= 	Domain= 	EventID=4672	EventIDCode=4672	EventType=8	EventCategory=12548	RecordNumber=2590480	TimeGenerated=1256232319	TimeWritten=1256232319	Message=Special privileges assigned to new logon.  Subject:  Security ID:  S-1-5-21-117609710-746137067-1202660629-5644  Account Name:  lguffey  Account Domain:  someplaceD  Logon ID:  0x12263618  Privileges:  SeSecurityPrivilege    SeBackupPrivilege    SeRestorePrivilege    SeTakeOwnershipPrivilege    SeDebugPrivilege    SeSystemEnvironmentPrivilege    SeLoadDriverPrivilege    SeImpersonatePrivilege    SeEnableDelegationPrivilege "" "
"<182>Sep 30 12:04:12 172.16.1.123 ""<13>Oct 22 12:25:21 172.16.73.163 AgentDevice=WindowsLog	AgentLogFile=Security	Source=Microsoft-Windows-Security-Auditing	Computer=someplace.com	User= 	Domain= 	EventID=5140	EventIDCode=5140	EventType=8	EventCategory=12808	RecordNumber=2590493	TimeGenerated=1256232319	TimeWritten=1256232319	Message=A network share object was accessed.   Subject:  Security ID:  S-1-5-21-117609710-746137067-1202660629-5644  Account Name:  lguffey  Account Domain:  someplaceD  Logon ID:  0x1226364f  Network Information:   Source Address:  172.16.92.42  Source Port:  3387   Share Name:   \\*\SYSVOL "" "
"<182>Sep 30 12:04:12 172.16.1.123 ""<13>Oct 22 12:25:21 172.16.73.163 AgentDevice=WindowsLog	AgentLogFile=Security	Source=Microsoft-Windows-Security-Auditing	Computer=someplace.com	User= 	Domain= 	EventID=4624	EventIDCode=4624	EventType=8	EventCategory=12544	RecordNumber=2590494	TimeGenerated=1256232319	TimeWritten=1256232319	Message=An account was successfully logged on.  Subject:  Security ID:  S-1-0-0  Account Name:  -  Account Domain:  -  Logon ID:  0x0  Logon Type:   3  New Logon:  Security ID:  S-1-5-21-117609710-746137067-1202660629-5644  Account Name:  lguffey  Account Domain:  someplaceD  Logon ID:  0x1226364f  Logon GUID:  {E660215C-8796-006D-AC0C-12C05B0E27B1}  Process Information:  Process ID:  0x0  Process Name:  -  Network Information:  Workstation Name:   Source Network Address: 172.16.92.42  Source Port:  3387  Detailed Authentication Information:  Logon Process:  Kerberos  Authentication Package: Kerberos  Transited Services: -  Package Name (NTLM only): -  Key Length:  0  This event"
"<182>Sep 30 12:04:11 172.16.1.123 ""<13>Oct 22 12:25:31 172.16.73.163 AgentDevice=WindowsLog	AgentLogFile=Security	Source=Microsoft-Windows-Security-Auditing	Computer=someplace.com	User= 	Domain= 	EventID=4634	EventIDCode=4634	EventType=8	EventCategory=12545	RecordNumber=2590555	TimeGenerated=1256232329	TimeWritten=1256232329	Message=An account was logged off.  Subject:  Security ID:  S-1-5-21-117609710-746137067-1202660629-5644  Account Name:  lguffey  Account Domain:  someplaceD  Logon ID:  0x1226364f  Logon Type:   3  This event is generated when a logon session is destroyed. It may be positively correlated with a logon event using the Logon ID value. Logon IDs are only unique between reboots on the same computer. "" "
"<182>Sep 30 12:03:59 172.16.1.123 ""<13>Oct 22 12:28:17 172.16.73.163 AgentDevice=WindowsLog	AgentLogFile=Security	Source=Microsoft-Windows-Security-Auditing	Computer=someplace.com	User= 	Domain= 	EventID=4634	EventIDCode=4634	EventType=8	EventCategory=12545	RecordNumber=2591552	TimeGenerated=1256232495	TimeWritten=1256232495	Message=An account was logged off.  Subject:  Security ID:  S-1-5-21-117609710-746137067-1202660629-5644  Account Name:  lguffey  Account Domain:  someplaceD  Logon ID:  0x12263618  Logon Type:   3  This event is generated when a logon session is destroyed. It may be positively correlated with a logon event using the Logon ID value. Logon IDs are only unique between reboots on the same computer. "" "
"<182>Sep 30 12:03:55 172.16.1.123 ""<13>Oct 22 12:29:20 172.16.73.163 AgentDevice=WindowsLog	AgentLogFile=Security	Source=Microsoft-Windows-Security-Auditing	Computer=someplace.com	User= 	Domain= 	EventID=4624	EventIDCode=4624	EventType=8	EventCategory=12544	RecordNumber=2591844	TimeGenerated=1256232557	TimeWritten=1256232557	Message=An account was successfully logged on.  Subject:  Security ID:  S-1-0-0  Account Name:  -  Account Domain:  -  Logon ID:  0x0  Logon Type:   3  New Logon:  Security ID:  S-1-5-21-1644491937-1275210071-725345543-31999  Account Name:  awann  Account Domain:  ALL  Logon ID:  0x122a63ab  Logon GUID:  {00000000-0000-0000-0000-000000000000}  Process Information:  Process ID:  0x0  Process Name:  -  Network Information:  Workstation Name: 211203  Source Network Address: 172.16.22.52  Source Port:  2192  Detailed Authentication Information:  Logon Process:  NtLmSsp   Authentication Package: NTLM  Transited Services: -  Package Name (NTLM only): NTLM V1  Key Length:  128  Thi"
"<182>Sep 30 12:03:52 172.16.1.123 ""<13>Oct 22 12:30:08 172.16.73.163 AgentDevice=WindowsLog	AgentLogFile=Security	Source=Microsoft-Windows-Security-Auditing	Computer=someplace.com	User= 	Domain= 	EventID=4634	EventIDCode=4634	EventType=8	EventCategory=12545	RecordNumber=2592107	TimeGenerated=1256232605	TimeWritten=1256232605	Message=An account was logged off.  Subject:  Security ID:  S-1-5-21-1644491937-1275210071-725345543-31999  Account Name:  awann  Account Domain:  ALL  Logon ID:  0x122a63ab  Logon Type:   3  This event is generated when a logon session is destroyed. It may be positively correlated with a logon event using the Logon ID value. Logon IDs are only unique between reboots on the same computer. "" "
"<182>Sep 30 12:03:50 172.16.1.123 ""<13>Oct 22 12:30:37 172.16.73.163 AgentDevice=WindowsLog	AgentLogFile=Security	Source=Microsoft-Windows-Security-Auditing	Computer=someplace.com	User= 	Domain= 	EventID=4769	EventIDCode=4769	EventType=8	EventCategory=14337	RecordNumber=2592233	TimeGenerated=1256232635	TimeWritten=1256232635	Message=A Kerberos service ticket was requested.  Account Information:  Account Name:  clarusso@someplace.com  Account Domain:  someplace.com  Logon GUID:  {F8045016-7A12-B0CD-A5C7-6A8D64557007}  Service Information:  Service Name:  SOBCA.someplace.com  Service ID:  S-1-5-21-117609710-746137067-1202660629-0  Network Information:  Client Address:  ::ffff:172.16.142.80  Client Port:  1134  Additional Information:  Ticket Options:  0x40810000  Ticket Encryption Type: 0x17  Failure Code:  0x0  Transited Services: -  This event is generated every time access is requested to a resource such as a computer or a Windows service.  The service name indicates the resource to whic"
"<182>Sep 30 12:03:38 172.16.1.123 ""<13>Oct 22 12:34:04 172.16.73.163 AgentDevice=WindowsLog	AgentLogFile=Security	Source=Microsoft-Windows-Security-Auditing	Computer=someplace.com	User= 	Domain= 	EventID=4770	EventIDCode=4770	EventType=8	EventCategory=14337	RecordNumber=2593230	TimeGenerated=1256232842	TimeWritten=1256232842	Message=A Kerberos service ticket was renewed.  Account Information:  Account Name:  lguffey@someplace.com  Account Domain:  someplace.com  Service Information:  Service Name:  krbtgt  Service ID:  S-1-5-21-117609710-746137067-1202660629-502  Network Information:  Client Address:  172.16.92.40  Client Port:  2259  Additional Information:  Ticket Options:  0x2  Ticket Encryption Type: 0x12  Ticket options and encryption types are defined in RFC 4120. "" "
"<182>Sep 30 12:03:11 172.16.1.123 ""<13>Oct 22 12:41:29 172.16.73.163 AgentDevice=WindowsLog	AgentLogFile=Security	Source=Microsoft-Windows-Security-Auditing	Computer=someplace.com	User= 	Domain= 	EventID=4769	EventIDCode=4769	EventType=8	EventCategory=14337	RecordNumber=2595252	TimeGenerated=1256233287	TimeWritten=1256233287	Message=A Kerberos service ticket was requested.  Account Information:  Account Name:  wnakano@someplace.com  Account Domain:  someplace.com  Logon GUID:  {D537BD05-F28D-6CD7-C369-4DD3F4D131D2}  Service Information:  Service Name:  someplace.com  Service ID:  S-1-5-21-117609710-746137067-1202660629-0  Network Information:  Client Address:  172.16.20.120  Client Port:  4766  Additional Information:  Ticket Options:  0x40800000  Ticket Encryption Type: 0x17  Failure Code:  0x0  Transited Services: -  This event is generated every time access is requested to a resource such as a computer or a Windows service.  The service name indicates the resource to which acc"
"<182>Sep 30 12:03:08 172.16.1.123 ""<13>Oct 22 12:41:48 172.16.73.163 AgentDevice=WindowsLog	AgentLogFile=Security	Source=Microsoft-Windows-Security-Auditing	Computer=someplace.com	User= 	Domain= 	EventID=4768	EventIDCode=4768	EventType=16	EventCategory=14339	RecordNumber=2595400	TimeGenerated=1256233306	TimeWritten=1256233306	Message=A Kerberos authentication ticket (TGT) was requested.  Account Information:  Account Name:  lguffey  Supplied Realm Name: someplaceD  User ID:   S-1-0-0  Service Information:  Service Name:  krbtgt/someplaceD  Service ID:  S-1-0-0  Network Information:  Client Address:  172.16.93.152  Client Port:  3123  Additional Information:  Ticket Options:  0x40810010  Result Code:  0x6  Ticket Encryption Type: 0xffffffff  Pre-Authentication Type: -  Certificate Information:  Certificate Issuer Name:    Certificate Serial Number:   Certificate Thumbprint:    Certificate information is only provided if a certificate was used for pre-authentication.  Pre-authentication types, ticket op"
"<182>Sep 30 12:03:08 172.16.1.123 ""<13>Oct 22 12:41:48 172.16.73.163 AgentDevice=WindowsLog	AgentLogFile=Security	Source=Microsoft-Windows-Security-Auditing	Computer=someplace.com	User= 	Domain= 	EventID=4768	EventIDCode=4768	EventType=16	EventCategory=14339	RecordNumber=2595401	TimeGenerated=1256233306	TimeWritten=1256233306	Message=A Kerberos authentication ticket (TGT) was requested.  Account Information:  Account Name:  lguffey  Supplied Realm Name: someplaceD  User ID:   S-1-0-0  Service Information:  Service Name:  krbtgt/someplaceD  Service ID:  S-1-0-0  Network Information:  Client Address:  172.16.93.152  Client Port:  3124  Additional Information:  Ticket Options:  0x40810010  Result Code:  0x6  Ticket Encryption Type: 0xffffffff  Pre-Authentication Type: -  Certificate Information:  Certificate Issuer Name:    Certificate Serial Number:   Certificate Thumbprint:    Certificate information is only provided if a certificate was used for pre-authentication.  Pre-authentication types, ticket op"
"<182>Sep 30 12:03:07 172.16.1.123 ""<13>Oct 22 12:42:01 172.16.73.163 AgentDevice=WindowsLog	AgentLogFile=Security	Source=Microsoft-Windows-Security-Auditing	Computer=someplace.com	User= 	Domain= 	EventID=4769	EventIDCode=4769	EventType=8	EventCategory=14337	RecordNumber=2595540	TimeGenerated=1256233319	TimeWritten=1256233319	Message=A Kerberos service ticket was requested.  Account Information:  Account Name:  lguffey@someplace.com  Account Domain:  someplace.com  Logon GUID:  {72E0966D-554B-389C-D55B-BFA0C9AF6870}  Service Information:  Service Name:  TRTCLAB029$  Service ID:  S-1-5-21-117609710-746137067-1202660629-10225  Network Information:  Client Address:  ::ffff:172.16.93.152  Client Port:  3130  Additional Information:  Ticket Options:  0x40800000  Ticket Encryption Type: 0x17  Failure Code:  0x0  Transited Services: -  This event is generated every time access is requested to a resource such as a computer or a Windows service.  The service name indicates the resource to which access"
"<182>Sep 30 12:03:06 172.16.1.123 ""<13>Oct 22 12:42:06 172.16.73.163 AgentDevice=WindowsLog	AgentLogFile=Security	Source=Microsoft-Windows-Security-Auditing	Computer=someplace.com	User= 	Domain= 	EventID=4769	EventIDCode=4769	EventType=8	EventCategory=14337	RecordNumber=2595584	TimeGenerated=1256233324	TimeWritten=1256233324	Message=A Kerberos service ticket was requested.  Account Information:  Account Name:  lguffey@someplace.com  Account Domain:  someplace.com  Logon GUID:  {FA1530E4-7282-93B5-EB34-7898370CAE17}  Service Information:  Service Name:  TRAC001$  Service ID:  S-1-5-21-117609710-746137067-1202660629-9328  Network Information:  Client Address:  ::ffff:172.16.93.152  Client Port:  3156  Additional Information:  Ticket Options:  0x40800000  Ticket Encryption Type: 0x17  Failure Code:  0x0  Transited Services: -  This event is generated every time access is requested to a resource such as a computer or a Windows service.  The service name indicates the resource to which access was"
"<182>Sep 30 12:02:29 172.16.1.123 ""<13>Oct 22 12:52:12 172.16.73.163 AgentDevice=WindowsLog	AgentLogFile=Security	Source=Microsoft-Windows-Security-Auditing	Computer=someplace.com	User= 	Domain= 	EventID=4769	EventIDCode=4769	EventType=8	EventCategory=14337	RecordNumber=2598433	TimeGenerated=1256233929	TimeWritten=1256233929	Message=A Kerberos service ticket was requested.  Account Information:  Account Name:  lguffey@someplace.com  Account Domain:  someplace.com  Logon GUID:  {7BA90F85-6217-94E2-3EBA-3EFDE1A90C13}  Service Information:  Service Name:  TRTCVIM001$  Service ID:  S-1-5-21-117609710-746137067-1202660629-6116  Network Information:  Client Address:  172.16.92.40  Client Port:  4785  Additional Information:  Ticket Options:  0x40810000  Ticket Encryption Type: 0x17  Failure Code:  0x0  Transited Services: -  This event is generated every time access is requested to a resource such as a computer or a Windows service.  The service name indicates the resource to which access was requested.  "
"<182>Sep 30 12:02:14 172.16.1.123 ""<13>Oct 22 12:56:16 172.16.73.163 AgentDevice=WindowsLog	AgentLogFile=Security	Source=Microsoft-Windows-Security-Auditing	Computer=someplace.com	User= 	Domain= 	EventID=4769	EventIDCode=4769	EventType=8	EventCategory=14337	RecordNumber=2599582	TimeGenerated=1256234174	TimeWritten=1256234174	Message=A Kerberos service ticket was requested.  Account Information:  Account Name:  aperro@someplace.com  Account Domain:  someplace.com  Logon GUID:  {0F31CBEE-7013-A3EE-4A67-AD17731A82F1}  Service Information:  Service Name:  SOBCA.someplace.com  Service ID:  S-1-5-21-117609710-746137067-1202660629-0  Network Information:  Client Address:  ::ffff:172.16..142.56  Client Port:  54943  Additional Information:  Ticket Options:  0x40810000  Ticket Encryption Type: 0x17  Failure Code:  0x0  Transited Services: -  This event is generated every time access is requested to a resource such as a computer or a Windows service.  The service name indicates the resource to whic"
"<182>Sep 30 12:02:09 172.16.1.123 ""<13>Oct 22 12:57:06 172.16.73.163 AgentDevice=WindowsLog	AgentLogFile=Security	Source=Microsoft-Windows-Security-Auditing	Computer=someplace.com	User= 	Domain= 	EventID=4769	EventIDCode=4769	EventType=8	EventCategory=14337	RecordNumber=2599934	TimeGenerated=1256234224	TimeWritten=1256234224	Message=A Kerberos service ticket was requested.  Account Information:  Account Name:  rmenden@someplace.com  Account Domain:  someplace.com  Logon GUID:  {1EEAE1B7-14E9-2051-28D1-49BDC159D818}  Service Information:  Service Name:  someplace.com  Service ID:  S-1-5-21-117609710-746137067-1202660629-0  Network Information:  Client Address:  ::ffff:172.16.20.178  Client Port:  62355  Additional Information:  Ticket Options:  0x40810000  Ticket Encryption Type: 0x17  Failure Code:  0x0  Transited Services: -  This event is generated every time access is requested to a resource such as a computer or a Windows service.  The service name indicates the resource to wh"
"<182>Sep 30 12:02:04 172.16.1.123 ""<13>Oct 22 12:58:38 172.16.73.163 AgentDevice=WindowsLog	AgentLogFile=Security	Source=Microsoft-Windows-Security-Auditing	Computer=someplace.com	User= 	Domain= 	EventID=4769	EventIDCode=4769	EventType=8	EventCategory=14337	RecordNumber=2600315	TimeGenerated=1256234315	TimeWritten=1256234315	Message=A Kerberos service ticket was requested.  Account Information:  Account Name:  umorel@someplace.com  Account Domain:  someplace.com  Logon GUID:  {ECC17FA7-9F2D-0B68-67CB-4988058AF952}  Service Information:  Service Name:  someplace.com  Service ID:  S-1-5-21-117609710-746137067-1202660629-0  Network Information:  Client Address:  172.16.82.104  Client Port:  1080  Additional Information:  Ticket Options:  0x40800000  Ticket Encryption Type: 0x17  Failure Code:  0x0  Transited Services: -  This event is generated every time access is requested to a resource such as a computer or a Windows service.  The service name indicates the resource to which acces"
"<182>Sep 30 12:01:55 172.16.1.123 ""<13>Oct 22 13:00:48 172.16.73.163 AgentDevice=WindowsLog	AgentLogFile=Security	Source=Microsoft-Windows-Security-Auditing	Computer=someplace.com	User= 	Domain= 	EventID=4769	EventIDCode=4769	EventType=8	EventCategory=14337	RecordNumber=2600976	TimeGenerated=1256234445	TimeWritten=1256234445	Message=A Kerberos service ticket was requested.  Account Information:  Account Name:  kvendder@someplace.com  Account Domain:  someplace.com  Logon GUID:  {3C3C980E-17AE-83BD-6D75-C452311F3008}  Service Information:  Service Name:  someplace.com  Service ID:  S-1-5-21-117609710-746137067-1202660629-0  Network Information:  Client Address:  ::ffff:172.16..142.105  Client Port:  55095  Additional Information:  Ticket Options:  0x40810000  Ticket Encryption Type: 0x17  Failure Code:  0x0  Transited Services: -  This event is generated every time access is requested to a resource such as a computer or a Windows service.  The service name indicates the resource t"
"<182>Sep 30 12:01:49 172.16.1.123 ""<13>Oct 22 13:02:25 172.16.73.163 AgentDevice=WindowsLog	AgentLogFile=Security	Source=Microsoft-Windows-Security-Auditing	Computer=someplace.com	User= 	Domain= 	EventID=4769	EventIDCode=4769	EventType=8	EventCategory=14337	RecordNumber=2601460	TimeGenerated=1256234543	TimeWritten=1256234543	Message=A Kerberos service ticket was requested.  Account Information:  Account Name:  lbeckmann@someplace.com  Account Domain:  someplace.com  Logon GUID:  {2B26DE12-7AA3-0668-430D-22BC0EEB4C5B}  Service Information:  Service Name:  someplace.com  Service ID:  S-1-5-21-117609710-746137067-1202660629-0  Network Information:  Client Address:  ::ffff:172.16.20.174  Client Port:  59430  Additional Information:  Ticket Options:  0x40810000  Ticket Encryption Type: 0x17  Failure Code:  0x0  Transited Services: -  This event is generated every time access is requested to a resource such as a computer or a Windows service.  The service name indicates the resource "
"<182>Sep 30 12:01:37 172.16.1.123 ""<13>Oct 22 13:06:09 172.16.73.163 AgentDevice=WindowsLog	AgentLogFile=Security	Source=Microsoft-Windows-Security-Auditing	Computer=someplace.com	User= 	Domain= 	EventID=4769	EventIDCode=4769	EventType=8	EventCategory=14337	RecordNumber=2602388	TimeGenerated=1256234766	TimeWritten=1256234766	Message=A Kerberos service ticket was requested.  Account Information:  Account Name:  wnakano@someplace.com  Account Domain:  someplace.com  Logon GUID:  {DD3343CD-619B-1B1B-CC1D-829FAD36F6C0}  Service Information:  Service Name:  someplace.com  Service ID:  S-1-5-21-117609710-746137067-1202660629-0  Network Information:  Client Address:  172.16.82.162  Client Port:  1145  Additional Information:  Ticket Options:  0x40800000  Ticket Encryption Type: 0x17  Failure Code:  0x0  Transited Services: -  This event is generated every time access is requested to a resource such as a computer or a Windows service.  The service name indicates the resource to which acces"
"<182>Sep 30 12:01:22 172.16.1.123 ""<13>Oct 22 13:10:11 172.16.73.163 AgentDevice=WindowsLog	AgentLogFile=Security	Source=Microsoft-Windows-Security-Auditing	Computer=someplace.com	User= 	Domain= 	EventID=4769	EventIDCode=4769	EventType=8	EventCategory=14337	RecordNumber=2603500	TimeGenerated=1256235009	TimeWritten=1256235009	Message=A Kerberos service ticket was requested.  Account Information:  Account Name:  clarusso@someplace.com  Account Domain:  someplace.com  Logon GUID:  {96785F5B-919C-153A-A90F-28D41C13B0D4}  Service Information:  Service Name:  someplace.com  Service ID:  S-1-5-21-117609710-746137067-1202660629-0  Network Information:  Client Address:  172.16.82.76  Client Port:  1144  Additional Information:  Ticket Options:  0x40800000  Ticket Encryption Type: 0x17  Failure Code:  0x0  Transited Services: -  This event is generated every time access is requested to a resource such as a computer or a Windows service.  The service name indicates the resource to which access"
"<182>Sep 30 12:00:44 172.16.1.123 ""<13>Oct 22 13:20:17 172.16.73.163 AgentDevice=WindowsLog	AgentLogFile=Security	Source=Microsoft-Windows-Security-Auditing	Computer=someplace.com	User= 	Domain= 	EventID=4768	EventIDCode=4768	EventType=8	EventCategory=14339	RecordNumber=2606302	TimeGenerated=1256235614	TimeWritten=1256235614	Message=A Kerberos authentication ticket (TGT) was requested.  Account Information:  Account Name:  lguffey  Supplied Realm Name: someplaceD  User ID:   S-1-5-21-117609710-746137067-1202660629-5644  Service Information:  Service Name:  krbtgt  Service ID:  S-1-5-21-117609710-746137067-1202660629-502  Network Information:  Client Address:  ::ffff:172.16.92.40  Client Port:  1030  Additional Information:  Ticket Options:  0x40810010  Result Code:  0x0  Ticket Encryption Type: 0x17  Pre-Authentication Type: 2  Certificate Information:  Certificate Issuer Name:    Certificate Serial Number:   Certificate Thumbprint:    Certificate information is only provided if a certificate was us"
"<182>Sep 30 12:00:44 172.16.1.123 ""<13>Oct 22 13:20:17 172.16.73.163 AgentDevice=WindowsLog	AgentLogFile=Security	Source=Microsoft-Windows-Security-Auditing	Computer=someplace.com	User= 	Domain= 	EventID=4769	EventIDCode=4769	EventType=8	EventCategory=14337	RecordNumber=2606300	TimeGenerated=1256235614	TimeWritten=1256235614	Message=A Kerberos service ticket was requested.  Account Information:  Account Name:  lguffey@someplace.com  Account Domain:  someplace.com  Logon GUID:  {4C953F0A-4B11-EB9E-A206-CC68234F9A92}  Service Information:  Service Name:  TRTCVIM001$  Service ID:  S-1-5-21-117609710-746137067-1202660629-6116  Network Information:  Client Address:  172.16.92.40  Client Port:  1031  Additional Information:  Ticket Options:  0x40810000  Ticket Encryption Type: 0x17  Failure Code:  0x0  Transited Services: -  This event is generated every time access is requested to a resource such as a computer or a Windows service.  The service name indicates the resource to which access was requested.  "
"<182>Sep 30 12:00:44 172.16.1.123 ""<13>Oct 22 13:20:17 172.16.73.163 AgentDevice=WindowsLog	AgentLogFile=Security	Source=Microsoft-Windows-Security-Auditing	Computer=someplace.com	User= 	Domain= 	EventID=4769	EventIDCode=4769	EventType=8	EventCategory=14337	RecordNumber=2606306	TimeGenerated=1256235614	TimeWritten=1256235614	Message=A Kerberos service ticket was requested.  Account Information:  Account Name:  lguffey@someplace.com  Account Domain:  someplace.com  Logon GUID:  {4C953F0A-4B11-EB9E-A206-CC68234F9A92}  Service Information:  Service Name:  TRTCVIM001$  Service ID:  S-1-5-21-117609710-746137067-1202660629-6116  Network Information:  Client Address:  ::ffff:172.16.92.40  Client Port:  1032  Additional Information:  Ticket Options:  0x40810000  Ticket Encryption Type: 0x17  Failure Code:  0x0  Transited Services: -  This event is generated every time access is requested to a resource such as a computer or a Windows service.  The service name indicates the resource to which access was reque"
"<182>Sep 30 12:00:38 172.16.1.123 ""<13>Oct 22 13:21:44 172.16.73.163 AgentDevice=WindowsLog	AgentLogFile=Security	Source=Microsoft-Windows-Security-Auditing	Computer=someplace.com	User= 	Domain= 	EventID=4769	EventIDCode=4769	EventType=8	EventCategory=14337	RecordNumber=2606706	TimeGenerated=1256235701	TimeWritten=1256235701	Message=A Kerberos service ticket was requested.  Account Information:  Account Name:  tbehling@someplace.com  Account Domain:  someplace.com  Logon GUID:  {F224B814-B297-1527-0B1F-ADA6E4E15803}  Service Information:  Service Name:  someplace.com  Service ID:  S-1-5-21-117609710-746137067-1202660629-0  Network Information:  Client Address:  ::ffff:172.16..142.74  Client Port:  64348  Additional Information:  Ticket Options:  0x40810000  Ticket Encryption Type: 0x17  Failure Code:  0x0  Transited Services: -  This event is generated every time access is requested to a resource such as a computer or a Windows service.  The service name indicates the resource to whic"
"<182>Sep 30 12:00:25 172.16.1.123 ""<13>Oct 22 13:24:41 172.16.73.163 AgentDevice=WindowsLog	AgentLogFile=Security	Source=Microsoft-Windows-Security-Auditing	Computer=someplace.com	User= 	Domain= 	EventID=4776	EventIDCode=4776	EventType=16	EventCategory=14336	RecordNumber=2607715	TimeGenerated=1256235879	TimeWritten=1256235879	Message=The domain controller attempted to validate the credentials for an account.  Authentication Package: MICROSOFT_AUTHENTICATION_PACKAGE_V1_0 Logon Account: lguffey@someplace.com Source Workstation: SETEC106 Error Code: 0xc000006a "" "
"<182>Sep 30 12:00:25 172.16.1.123 ""<13>Oct 22 13:24:41 172.16.73.163 AgentDevice=WindowsLog	AgentLogFile=Security	Source=Microsoft-Windows-Security-Auditing	Computer=someplace.com	User= 	Domain= 	EventID=4771	EventIDCode=4771	EventType=16	EventCategory=14339	RecordNumber=2607711	TimeGenerated=1256235879	TimeWritten=1256235879	Message=Kerberos pre-authentication failed.  Account Information:  Security ID:  S-1-5-21-117609710-746137067-1202660629-4620  Account Name:  lguffey  Service Information:  Service Name:  krbtgt/someplace.com  Network Information:  Client Address:  ::ffff:172.16.180.98  Client Port:  1704  Additional Information:  Ticket Options:  0x40810010  Failure Code:  0x18  Pre-Authentication Type: 2  Certificate Information:  Certificate Issuer Name:    Certificate Serial Number:    Certificate Thumbprint:    Certificate information is only provided if a certificate was used for pre-authentication.  Pre-authentication types, ticket options and failure codes are defined in RFC 4120.  If"
"<182>Sep 30 12:00:21 172.16.1.123 ""<13>Oct 22 13:25:40 172.16.73.163 AgentDevice=WindowsLog	AgentLogFile=Security	Source=Microsoft-Windows-Security-Auditing	Computer=someplace.com	User= 	Domain= 	EventID=4769	EventIDCode=4769	EventType=8	EventCategory=14337	RecordNumber=2608057	TimeGenerated=1256235937	TimeWritten=1256235937	Message=A Kerberos service ticket was requested.  Account Information:  Account Name:  lguffey@someplace.com  Account Domain:  someplace.com  Logon GUID:  {FEE74B1E-8EF6-8474-4B3C-B6C6E5232548}  Service Information:  Service Name:  TRAC001$  Service ID:  S-1-5-21-117609710-746137067-1202660629-9328  Network Information:  Client Address:  ::ffff:172.16.92.40  Client Port:  1689  Additional Information:  Ticket Options:  0x40810000  Ticket Encryption Type: 0x17  Failure Code:  0x0  Transited Services: -  This event is generated every time access is requested to a resource such as a computer or a Windows service.  The service name indicates the resource to which access was requeste"
"<182>Sep 30 12:00:21 172.16.1.123 ""<13>Oct 22 13:25:39 172.16.73.163 AgentDevice=WindowsLog	AgentLogFile=Security	Source=Microsoft-Windows-Security-Auditing	Computer=someplace.com	User= 	Domain= 	EventID=4672	EventIDCode=4672	EventType=8	EventCategory=12548	RecordNumber=2608031	TimeGenerated=1256235937	TimeWritten=1256235937	Message=Special privileges assigned to new logon.  Subject:  Security ID:  S-1-5-21-117609710-746137067-1202660629-5644  Account Name:  lguffey  Account Domain:  someplaceD  Logon ID:  0x126428b6  Privileges:  SeSecurityPrivilege    SeBackupPrivilege    SeRestorePrivilege    SeTakeOwnershipPrivilege    SeDebugPrivilege    SeSystemEnvironmentPrivilege    SeLoadDriverPrivilege    SeImpersonatePrivilege    SeEnableDelegationPrivilege "" "
"<182>Sep 30 12:00:21 172.16.1.123 ""<13>Oct 22 13:25:39 172.16.73.163 AgentDevice=WindowsLog	AgentLogFile=Security	Source=Microsoft-Windows-Security-Auditing	Computer=someplace.com	User= 	Domain= 	EventID=4769	EventIDCode=4769	EventType=8	EventCategory=14337	RecordNumber=2608028	TimeGenerated=1256235937	TimeWritten=1256235937	Message=A Kerberos service ticket was requested.  Account Information:  Account Name:  lguffey@someplace.com  Account Domain:  someplace.com  Logon GUID:  {FEE74B1E-8EF6-8474-4B3C-B6C6E5232548}  Service Information:  Service Name:  NEAC000$  Service ID:  S-1-5-21-117609710-746137067-1202660629-10138  Network Information:  Client Address:  172.16.92.40  Client Port:  1675  Additional Information:  Ticket Options:  0x40800000  Ticket Encryption Type: 0x17  Failure Code:  0x0  Transited Services: -  This event is generated every time access is requested to a resource such as a computer or a Windows service.  The service name indicates the resource to which access was requested.  Th"
"<182>Sep 30 12:00:21 172.16.1.123 ""<13>Oct 22 13:25:39 172.16.73.163 AgentDevice=WindowsLog	AgentLogFile=Security	Source=Microsoft-Windows-Security-Auditing	Computer=someplace.com	User= 	Domain= 	EventID=4624	EventIDCode=4624	EventType=8	EventCategory=12544	RecordNumber=2608033	TimeGenerated=1256235937	TimeWritten=1256235937	Message=An account was successfully logged on.  Subject:  Security ID:  S-1-0-0  Account Name:  -  Account Domain:  -  Logon ID:  0x0  Logon Type:   3  New Logon:  Security ID:  S-1-5-21-117609710-746137067-1202660629-5644  Account Name:  lguffey  Account Domain:  someplaceD  Logon ID:  0x126428b6  Logon GUID:  {725B1412-8915-8984-A2CF-21337E5631EF}  Process Information:  Process ID:  0x0  Process Name:  -  Network Information:  Workstation Name:   Source Network Address: 172.16.92.40  Source Port:  1674  Detailed Authentication Information:  Logon Process:  Kerberos  Authentication Package: Kerberos  Transited Services: -  Package Name (NTLM only): -  Key Length:  0  This event"
"<182>Sep 30 12:00:21 172.16.1.123 ""<13>Oct 22 13:25:39 172.16.73.163 AgentDevice=WindowsLog	AgentLogFile=Security	Source=Microsoft-Windows-Security-Auditing	Computer=someplace.com	User= 	Domain= 	EventID=4624	EventIDCode=4624	EventType=8	EventCategory=12544	RecordNumber=2608040	TimeGenerated=1256235937	TimeWritten=1256235937	Message=An account was successfully logged on.  Subject:  Security ID:  S-1-0-0  Account Name:  -  Account Domain:  -  Logon ID:  0x0  Logon Type:   3  New Logon:  Security ID:  S-1-5-21-117609710-746137067-1202660629-5644  Account Name:  lguffey  Account Domain:  someplaceD  Logon ID:  0x126428e6  Logon GUID:  {B269D614-D336-E563-7D3E-DE3C998E4E27}  Process Information:  Process ID:  0x0  Process Name:  -  Network Information:  Workstation Name:   Source Network Address: 172.16.92.40  Source Port:  1680  Detailed Authentication Information:  Logon Process:  Kerberos  Authentication Package: Kerberos  Transited Services: -  Package Name (NTLM only): -  Key Length:  0  This event"
"<182>Sep 30 12:00:21 172.16.1.123 ""<13>Oct 22 13:25:39 172.16.73.163 AgentDevice=WindowsLog	AgentLogFile=Security	Source=Microsoft-Windows-Security-Auditing	Computer=someplace.com	User= 	Domain= 	EventID=4672	EventIDCode=4672	EventType=8	EventCategory=12548	RecordNumber=2608038	TimeGenerated=1256235937	TimeWritten=1256235937	Message=Special privileges assigned to new logon.  Subject:  Security ID:  S-1-5-21-117609710-746137067-1202660629-5644  Account Name:  lguffey  Account Domain:  someplaceD  Logon ID:  0x126428e6  Privileges:  SeSecurityPrivilege    SeBackupPrivilege    SeRestorePrivilege    SeTakeOwnershipPrivilege    SeDebugPrivilege    SeSystemEnvironmentPrivilege    SeLoadDriverPrivilege    SeImpersonatePrivilege    SeEnableDelegationPrivilege "" "
"<182>Sep 30 12:00:21 172.16.1.123 ""<13>Oct 22 13:25:39 172.16.73.163 AgentDevice=WindowsLog	AgentLogFile=Security	Source=Microsoft-Windows-Security-Auditing	Computer=someplace.com	User= 	Domain= 	EventID=4624	EventIDCode=4624	EventType=8	EventCategory=12544	RecordNumber=2608045	TimeGenerated=1256235937	TimeWritten=1256235937	Message=An account was successfully logged on.  Subject:  Security ID:  S-1-0-0  Account Name:  -  Account Domain:  -  Logon ID:  0x0  Logon Type:   3  New Logon:  Security ID:  S-1-5-21-117609710-746137067-1202660629-5644  Account Name:  lguffey  Account Domain:  someplaceD  Logon ID:  0x126428f8  Logon GUID:  {B269D614-D336-E563-7D3E-DE3C998E4E27}  Process Information:  Process ID:  0x0  Process Name:  -  Network Information:  Workstation Name:   Source Network Address: 172.16.92.40  Source Port:  1682  Detailed Authentication Information:  Logon Process:  Kerberos  Authentication Package: Kerberos  Transited Services: -  Package Name (NTLM only): -  Key Length:  0  This event"
"<182>Sep 30 12:00:20 172.16.1.123 ""<13>Oct 22 13:25:39 172.16.73.163 AgentDevice=WindowsLog	AgentLogFile=Security	Source=Microsoft-Windows-Security-Auditing	Computer=someplace.com	User= 	Domain= 	EventID=4672	EventIDCode=4672	EventType=8	EventCategory=12548	RecordNumber=2608046	TimeGenerated=1256235937	TimeWritten=1256235937	Message=Special privileges assigned to new logon.  Subject:  Security ID:  S-1-5-21-117609710-746137067-1202660629-5644  Account Name:  lguffey  Account Domain:  someplaceD  Logon ID:  0x12642907  Privileges:  SeSecurityPrivilege    SeBackupPrivilege    SeRestorePrivilege    SeTakeOwnershipPrivilege    SeDebugPrivilege    SeSystemEnvironmentPrivilege    SeLoadDriverPrivilege    SeImpersonatePrivilege    SeEnableDelegationPrivilege "" "
"<182>Sep 30 12:00:20 172.16.1.123 ""<13>Oct 22 13:25:39 172.16.73.163 AgentDevice=WindowsLog	AgentLogFile=Security	Source=Microsoft-Windows-Security-Auditing	Computer=someplace.com	User= 	Domain= 	EventID=4672	EventIDCode=4672	EventType=8	EventCategory=12548	RecordNumber=2608043	TimeGenerated=1256235937	TimeWritten=1256235937	Message=Special privileges assigned to new logon.  Subject:  Security ID:  S-1-5-21-117609710-746137067-1202660629-5644  Account Name:  lguffey  Account Domain:  someplaceD  Logon ID:  0x126428f8  Privileges:  SeSecurityPrivilege    SeBackupPrivilege    SeRestorePrivilege    SeTakeOwnershipPrivilege    SeDebugPrivilege    SeSystemEnvironmentPrivilege    SeLoadDriverPrivilege    SeImpersonatePrivilege    SeEnableDelegationPrivilege "" "
"<182>Sep 30 12:00:20 172.16.1.123 ""<13>Oct 22 13:25:39 172.16.73.163 AgentDevice=WindowsLog	AgentLogFile=Security	Source=Microsoft-Windows-Security-Auditing	Computer=someplace.com	User= 	Domain= 	EventID=4624	EventIDCode=4624	EventType=8	EventCategory=12544	RecordNumber=2608048	TimeGenerated=1256235937	TimeWritten=1256235937	Message=An account was successfully logged on.  Subject:  Security ID:  S-1-0-0  Account Name:  -  Account Domain:  -  Logon ID:  0x0  Logon Type:   3  New Logon:  Security ID:  S-1-5-21-117609710-746137067-1202660629-5644  Account Name:  lguffey  Account Domain:  someplaceD  Logon ID:  0x12642907  Logon GUID:  {B269D614-D336-E563-7D3E-DE3C998E4E27}  Process Information:  Process ID:  0x0  Process Name:  -  Network Information:  Workstation Name:   Source Network Address: 172.16.92.40  Source Port:  1683  Detailed Authentication Information:  Logon Process:  Kerberos  Authentication Package: Kerberos  Transited Services: -  Package Name (NTLM only): -  Key Length:  0  This event"
"<182>Sep 30 12:00:20 172.16.1.123 ""<13>Oct 22 13:25:40 172.16.73.163 AgentDevice=WindowsLog	AgentLogFile=Security	Source=Microsoft-Windows-Security-Auditing	Computer=someplace.com	User= 	Domain= 	EventID=4634	EventIDCode=4634	EventType=8	EventCategory=12545	RecordNumber=2608060	TimeGenerated=1256235937	TimeWritten=1256235937	Message=An account was logged off.  Subject:  Security ID:  S-1-5-21-117609710-746137067-1202660629-5644  Account Name:  lguffey  Account Domain:  someplaceD  Logon ID:  0x12642907  Logon Type:   3  This event is generated when a logon session is destroyed. It may be positively correlated with a logon event using the Logon ID value. Logon IDs are only unique between reboots on the same computer. "" "
"<182>Sep 30 12:00:20 172.16.1.123 ""<13>Oct 22 13:25:40 172.16.73.163 AgentDevice=WindowsLog	AgentLogFile=Security	Source=Microsoft-Windows-Security-Auditing	Computer=someplace.com	User= 	Domain= 	EventID=4634	EventIDCode=4634	EventType=8	EventCategory=12545	RecordNumber=2608061	TimeGenerated=1256235937	TimeWritten=1256235937	Message=An account was logged off.  Subject:  Security ID:  S-1-5-21-117609710-746137067-1202660629-5644  Account Name:  lguffey  Account Domain:  someplaceD  Logon ID:  0x126428f8  Logon Type:   3  This event is generated when a logon session is destroyed. It may be positively correlated with a logon event using the Logon ID value. Logon IDs are only unique between reboots on the same computer. "" "
"<182>Sep 30 12:00:20 172.16.1.123 ""<13>Oct 22 13:25:52 172.16.73.163 AgentDevice=WindowsLog	AgentLogFile=Security	Source=Microsoft-Windows-Security-Auditing	Computer=someplace.com	User= 	Domain= 	EventID=4771	EventIDCode=4771	EventType=16	EventCategory=14339	RecordNumber=2608098	TimeGenerated=1256235950	TimeWritten=1256235950	Message=Kerberos pre-authentication failed.  Account Information:  Security ID:  S-1-5-21-117609710-746137067-1202660629-4620  Account Name:  lguffey  Service Information:  Service Name:  krbtgt/someplace.com  Network Information:  Client Address:  ::ffff:172.16.180.98  Client Port:  1709  Additional Information:  Ticket Options:  0x40810010  Failure Code:  0x18  Pre-Authentication Type: 2  Certificate Information:  Certificate Issuer Name:    Certificate Serial Number:    Certificate Thumbprint:    Certificate information is only provided if a certificate was used for pre-authentication.  Pre-authentication types, ticket options and failure codes are defined in RFC 4120.  If"
"<182>Sep 30 12:00:20 172.16.1.123 ""<13>Oct 22 13:25:53 172.16.73.163 AgentDevice=WindowsLog	AgentLogFile=Security	Source=Microsoft-Windows-Security-Auditing	Computer=someplace.com	User= 	Domain= 	EventID=4776	EventIDCode=4776	EventType=16	EventCategory=14336	RecordNumber=2608101	TimeGenerated=1256235950	TimeWritten=1256235950	Message=The domain controller attempted to validate the credentials for an account.  Authentication Package: MICROSOFT_AUTHENTICATION_PACKAGE_V1_0 Logon Account: lguffey@someplace.com Source Workstation: SETEC106 Error Code: 0xc000006a "" "
"<182>Sep 30 12:00:14 172.16.1.123 ""<13>Oct 22 13:26:50 172.16.73.163 AgentDevice=WindowsLog	AgentLogFile=Security	Source=Microsoft-Windows-Security-Auditing	Computer=someplace.com	User= 	Domain= 	EventID=5140	EventIDCode=5140	EventType=8	EventCategory=12808	RecordNumber=2608436	TimeGenerated=1256236008	TimeWritten=1256236008	Message=A network share object was accessed.   Subject:  Security ID:  S-1-5-21-117609710-746137067-1202660629-4620  Account Name:  lguffey  Account Domain:  someplaceD  Logon ID:  0x1265473a  Network Information:   Source Address:  172.16.180.58  Source Port:  4352   Share Name:   \\*\IPC$ "" "
"<182>Sep 30 12:00:14 172.16.1.123 ""<13>Oct 22 13:26:50 172.16.73.163 AgentDevice=WindowsLog	AgentLogFile=Security	Source=Microsoft-Windows-Security-Auditing	Computer=someplace.com	User= 	Domain= 	EventID=4624	EventIDCode=4624	EventType=8	EventCategory=12544	RecordNumber=2608435	TimeGenerated=1256236008	TimeWritten=1256236008	Message=An account was successfully logged on.  Subject:  Security ID:  S-1-0-0  Account Name:  -  Account Domain:  -  Logon ID:  0x0  Logon Type:   3  New Logon:  Security ID:  S-1-5-21-117609710-746137067-1202660629-4620  Account Name:  lguffey  Account Domain:  someplaceD  Logon ID:  0x1265473a  Logon GUID:  {0C695D43-88A9-262B-A093-36FE7E1DB949}  Process Information:  Process ID:  0x0  Process Name:  -  Network Information:  Workstation Name:   Source Network Address: 172.16.180.58  Source Port:  4352  Detailed Authentication Information:  Logon Process:  Kerberos  Authentication Package: Kerberos  Transited Services: -  Package Name (NTLM only): -  Key Length:  0  This eve"
"<182>Sep 30 12:00:14 172.16.1.123 ""<13>Oct 22 13:26:50 172.16.73.163 AgentDevice=WindowsLog	AgentLogFile=Security	Source=Microsoft-Windows-Security-Auditing	Computer=someplace.com	User= 	Domain= 	EventID=4658	EventIDCode=4658	EventType=8	EventCategory=12804	RecordNumber=2608440	TimeGenerated=1256236008	TimeWritten=1256236008	Message=The handle to an object was closed.  Subject :  Security ID:  S-1-5-21-117609710-746137067-1202660629-4620  Account Name:  lguffey  Account Domain:  someplaceD  Logon ID:  0x1265473a  Object:  Object Server:  Security Account Manager  Handle ID:  0xf4cc120  Process Information:  Process ID:  0x24c  Process Name:  C:\Windows\System32\lsass.exe "" "
"<182>Sep 30 12:00:14 172.16.1.123 ""<13>Oct 22 13:26:50 172.16.73.163 AgentDevice=WindowsLog	AgentLogFile=Security	Source=Microsoft-Windows-Security-Auditing	Computer=someplace.com	User= 	Domain= 	EventID=4661	EventIDCode=4661	EventType=8	EventCategory=12803	RecordNumber=2608437	TimeGenerated=1256236008	TimeWritten=1256236008	Message=A handle to an object was requested.  Subject :  Security ID:  S-1-5-21-117609710-746137067-1202660629-4620  Account Name:  lguffey  Account Domain:  someplaceD  Logon ID:  0x1265473a  Object:  Object Server: Security Account Manager  Object Type: SAM_SERVER  Object Name: CN=Server,CN=System,DC=someplaceD,DC=NET  Handle ID: 0xf4cbac0  Process Information:  Process ID: 0x24c  Process Name: C:\Windows\System32\lsass.exe  Access Request Information:  Transaction ID: {00000000-0000-0000-0000-000000000000}  Accesses: %%1538    %%5378    %%5380    %%5383      Access Mask: 0x20094  Privileges Used for Access Check: -  Properties: ---  {bf967aad-0de6-11d0-a285-00aa003049e2}   Res"
"<182>Sep 30 12:00:14 172.16.1.123 ""<13>Oct 22 13:26:50 172.16.73.163 AgentDevice=WindowsLog	AgentLogFile=Security	Source=Microsoft-Windows-Security-Auditing	Computer=someplace.com	User= 	Domain= 	EventID=4661	EventIDCode=4661	EventType=8	EventCategory=12803	RecordNumber=2608438	TimeGenerated=1256236008	TimeWritten=1256236008	Message=A handle to an object was requested.  Subject :  Security ID:  S-1-5-21-117609710-746137067-1202660629-4620  Account Name:  lguffey  Account Domain:  someplaceD  Logon ID:  0x1265473a  Object:  Object Server: Security Account Manager  Object Type: SAM_DOMAIN  Object Name: DC=someplaceD,DC=NET  Handle ID: 0xf4cbdf0  Process Information:  Process ID: 0x24c  Process Name: C:\Windows\System32\lsass.exe  Access Request Information:  Transaction ID: {00000000-0000-0000-0000-000000000000}  Accesses: %%1538    %%5394    %%5396    %%5399      Access Mask: 0x20094  Privileges Used for Access Check: -  Properties: ---  {19195a5a-6da0-11d0-afd3-00c04fd930c9} %%1538 %%5394 %%5396 %%53"
"<182>Sep 30 12:00:14 172.16.1.123 ""<13>Oct 22 13:26:50 172.16.73.163 AgentDevice=WindowsLog	AgentLogFile=Security	Source=Microsoft-Windows-Security-Auditing	Computer=someplace.com	User= 	Domain= 	EventID=4661	EventIDCode=4661	EventType=8	EventCategory=12803	RecordNumber=2608439	TimeGenerated=1256236008	TimeWritten=1256236008	Message=A handle to an object was requested.  Subject :  Security ID:  S-1-5-21-117609710-746137067-1202660629-4620  Account Name:  lguffey  Account Domain:  someplaceD  Logon ID:  0x1265473a  Object:  Object Server: Security Account Manager  Object Type: umorel  Object Name: S-1-5-21-117609710-746137067-1202660629-4620  Handle ID: 0xf4cc120  Process Information:  Process ID: 0x24c  Process Name: C:\Windows\System32\lsass.exe  Access Request Information:  Transaction ID: {00000000-0000-0000-0000-000000000000}  Accesses: %%1538    %%5442    %%5444    %%5447      Access Mask: 0x20094  Privileges Used for Access Check: -  Properties: ---  {bf967aba-0de6-11d0-a285-00aa003049e2} %"
"<182>Sep 30 12:00:14 172.16.1.123 ""<13>Oct 22 13:26:50 172.16.73.163 AgentDevice=WindowsLog	AgentLogFile=Security	Source=Microsoft-Windows-Security-Auditing	Computer=someplace.com	User= 	Domain= 	EventID=4658	EventIDCode=4658	EventType=8	EventCategory=12804	RecordNumber=2608441	TimeGenerated=1256236008	TimeWritten=1256236008	Message=The handle to an object was closed.  Subject :  Security ID:  S-1-5-21-117609710-746137067-1202660629-4620  Account Name:  lguffey  Account Domain:  someplaceD  Logon ID:  0x1265473a  Object:  Object Server:  Security Account Manager  Handle ID:  0xf4cbac0  Process Information:  Process ID:  0x24c  Process Name:  C:\Windows\System32\lsass.exe "" "
